Using pre-set license

 COMMAND LINE ARGUMENTS:
/Applications/Unity/Hub/Editor/2020.3.3f1/Unity.app/Contents/MacOS/Unity
-adb2
-batchMode
-noUpm
-name
AssetImportWorker0
-projectPath
/Users/danielmolina/Portal Scene
-logFile
Logs/AssetImportWorker0.log
-srvPort
50675
Successfully changed project path to: /Users/danielmolina/Portal Scene
/Users/danielmolina/Portal Scene
Using Asset Import Pipeline V2.
Refreshing native plugins compatible for Editor in 31.71 ms, found 1 plugins.
Preloading 0 native plugins for Editor in 0.00 ms.
Initialize engine version: 2020.3.3f1 (76626098c1c4)
[Subsystems] Discovering subsystems at path /Applications/Unity/Hub/Editor/2020.3.3f1/Unity.app/Contents/Resources/UnitySubsystems
[Subsystems] Discovering subsystems at path /Users/danielmolina/Portal Scene/Assets
GfxDevice: creating device client; threaded=0
2021-04-18 13:05:34.914 Unity[1189:27632] P24h-10 preferred device: Intel(R) Iris(TM) Plus Graphics 640 (low power)
2021-04-18 13:05:34.914 Unity[1189:27632] Metal devices available: 1
2021-04-18 13:05:34.914 Unity[1189:27632] 0: Intel(R) Iris(TM) Plus Graphics 640 (low power)
2021-04-18 13:05:34.914 Unity[1189:27632] Using device Intel(R) Iris(TM) Plus Graphics 640 (low power)
Initializing Metal device caps: Intel(R) Iris(TM) Plus Graphics 640
Initialize mono
Mono path[0] = '/Applications/Unity/Hub/Editor/2020.3.3f1/Unity.app/Contents/Managed'
Mono path[1] = '/Applications/Unity/Hub/Editor/2020.3.3f1/Unity.app/Contents/MonoBleedingEdge/lib/mono/unityjit'
Mono config path = '/Applications/Unity/Hub/Editor/2020.3.3f1/Unity.app/Contents/MonoBleedingEdge/etc'
Using monoOptions --debugger-agent=transport=dt_socket,embedding=1,server=y,suspend=n,address=127.0.0.1:56189
Begin MonoManager ReloadAssembly
Registering precompiled unity dll's ...
Register platform support module: /Applications/Unity/Hub/Editor/2020.3.3f1/Unity.app/Contents/PlaybackEngines/MacStandaloneSupport/UnityEditor.OSXStandalone.Extensions.dll
Register platform support module: /Applications/Unity/Hub/Editor/2020.3.3f1/PlaybackEngines/WindowsStandaloneSupport/UnityEditor.WindowsStandalone.Extensions.dll
Registered in 0.013479 seconds.
Native extension for WindowsStandalone target not found
Native extension for OSXStandalone target not found
Refreshing native plugins compatible for Editor in 30.28 ms, found 1 plugins.
Preloading 0 native plugins for Editor in 0.00 ms.
Invoked RoslynAnalysisRunner static constructor.
RoslynAnalysisRunner will not be running.
RoslynAnalysisRunner has terminated.
Mono: successfully reloaded assembly
- Completed reload, in  3.918 seconds
Platform modules already initialized, skipping
Registering precompiled user dll's ...
Registered in 0.007081 seconds.
Begin MonoManager ReloadAssembly
Native extension for WindowsStandalone target not found
Native extension for OSXStandalone target not found
Refreshing native plugins compatible for Editor in 0.36 ms, found 1 plugins.
Preloading 0 native plugins for Editor in 0.00 ms.
Invoked RoslynAnalysisRunner static constructor.
RoslynAnalysisRunner will not be running.
RoslynAnalysisRunner has terminated.
Mono: successfully reloaded assembly
- Completed reload, in  3.058 seconds
Platform modules already initialized, skipping
========================================================================
Worker process is ready to serve import requests
Launching external process: /Applications/Unity/Hub/Editor/2020.3.3f1/Unity.app/Contents/Tools/UnityShaderCompiler
Launched and connected shader compiler UnityShaderCompiler after 0.01 seconds
Refreshing native plugins compatible for Editor in 0.27 ms, found 1 plugins.
Preloading 0 native plugins for Editor in 0.00 ms.
Unloading 1118 Unused Serialized files (Serialized files now loaded: 0)
System memory in use before: 110.8 MB.
System memory in use after: 110.9 MB.

Unloading 10 unused Assets to reduce memory usage. Loaded Objects now: 1565.
Total: 4.118337 ms (FindLiveObjects: 0.428739 ms CreateObjectMapping: 0.602128 ms MarkObjects: 2.923619 ms  DeleteObjects: 0.161329 ms)

========================================================================
Received Import Request.
  path: Assets/Scripts/cameraMovement.cs
  artifactKey: Guid(938aba3eb383e4c1b89b41dd1a797d88) Importer(815301076,1909f56bfc062723c751e8b465ee728b)
Start importing Assets/Scripts/cameraMovement.cs using Guid(938aba3eb383e4c1b89b41dd1a797d88) Importer(815301076,1909f56bfc062723c751e8b465ee728b)  -> (artifact id: '42ea291345e314fa2a7f56676cc1492a') in 1.112750 seconds
  Import took 1.115809 seconds .

========================================================================
Received Prepare
Registering precompiled user dll's ...
Registered in 0.001324 seconds.
Begin MonoManager ReloadAssembly
Native extension for WindowsStandalone target not found
Native extension for OSXStandalone target not found
Refreshing native plugins compatible for Editor in 0.54 ms, found 1 plugins.
Preloading 0 native plugins for Editor in 0.00 ms.
Invoked RoslynAnalysisRunner static constructor.
RoslynAnalysisRunner will not be running.
RoslynAnalysisRunner has terminated.
Mono: successfully reloaded assembly
- Completed reload, in  1.898 seconds
Platform modules already initialized, skipping
Refreshing native plugins compatible for Editor in 0.30 ms, found 1 plugins.
Preloading 0 native plugins for Editor in 0.00 ms.
Unloading 1113 Unused Serialized files (Serialized files now loaded: 0)
System memory in use before: 115.4 MB.
System memory in use after: 115.4 MB.

Unloading 5 unused Assets to reduce memory usage. Loaded Objects now: 1568.
Total: 4.553880 ms (FindLiveObjects: 0.930977 ms CreateObjectMapping: 0.141387 ms MarkObjects: 3.364077 ms  DeleteObjects: 0.114400 ms)

========================================================================
Received Prepare
Registering precompiled user dll's ...
Registered in 0.009572 seconds.
Begin MonoManager ReloadAssembly
Native extension for WindowsStandalone target not found
Native extension for OSXStandalone target not found
Refreshing native plugins compatible for Editor in 0.24 ms, found 1 plugins.
Preloading 0 native plugins for Editor in 0.00 ms.
Invoked RoslynAnalysisRunner static constructor.
RoslynAnalysisRunner will not be running.
RoslynAnalysisRunner has terminated.
Mono: successfully reloaded assembly
- Completed reload, in  1.416 seconds
Platform modules already initialized, skipping
Refreshing native plugins compatible for Editor in 0.30 ms, found 1 plugins.
Preloading 0 native plugins for Editor in 0.00 ms.
Unloading 1113 Unused Serialized files (Serialized files now loaded: 0)
System memory in use before: 115.6 MB.
System memory in use after: 115.6 MB.

Unloading 5 unused Assets to reduce memory usage. Loaded Objects now: 1571.
Total: 2.140510 ms (FindLiveObjects: 0.341348 ms CreateObjectMapping: 0.058589 ms MarkObjects: 1.667180 ms  DeleteObjects: 0.071526 ms)

========================================================================
Received Import Request.
  Time since last request: 2379.297003 seconds.
  path: Assets/Scripts/wallBehavior.cs
  artifactKey: Guid(63da79915f18a404a89bab43df37a6ed) Importer(815301076,1909f56bfc062723c751e8b465ee728b)
Start importing Assets/Scripts/wallBehavior.cs using Guid(63da79915f18a404a89bab43df37a6ed) Importer(815301076,1909f56bfc062723c751e8b465ee728b)  -> (artifact id: '877a6a09559aa830aaa82b8543cbcaaf') in 0.060294 seconds
  Import took 0.078825 seconds .

========================================================================
Received Import Request.
  Time since last request: 8.669264 seconds.
  path: Assets/Scripts/player.cs
  artifactKey: Guid(2740b341bdcd54046ba56a2a0abc0492) Importer(815301076,1909f56bfc062723c751e8b465ee728b)
Start importing Assets/Scripts/player.cs using Guid(2740b341bdcd54046ba56a2a0abc0492) Importer(815301076,1909f56bfc062723c751e8b465ee728b)  -> (artifact id: '78159af3a4eb30055e06da82ca69eb13') in 0.005213 seconds
  Import took 0.009210 seconds .

========================================================================
Received Import Request.
  Time since last request: 138.355167 seconds.
  path: Assets/Scripts/player.cs
  artifactKey: Guid(2740b341bdcd54046ba56a2a0abc0492) Importer(815301076,1909f56bfc062723c751e8b465ee728b)
Start importing Assets/Scripts/player.cs using Guid(2740b341bdcd54046ba56a2a0abc0492) Importer(815301076,1909f56bfc062723c751e8b465ee728b)  -> (artifact id: '55bc3138c33e8f33d086cd14d6f5f571') in 0.046475 seconds
  Import took 0.109168 seconds .

========================================================================
Received Prepare
Registering precompiled user dll's ...
Registered in 0.000555 seconds.
Begin MonoManager ReloadAssembly
Native extension for WindowsStandalone target not found
Native extension for OSXStandalone target not found
Refreshing native plugins compatible for Editor in 0.26 ms, found 1 plugins.
Preloading 0 native plugins for Editor in 0.00 ms.
Invoked RoslynAnalysisRunner static constructor.
RoslynAnalysisRunner will not be running.
RoslynAnalysisRunner has terminated.
Mono: successfully reloaded assembly
- Completed reload, in  1.291 seconds
Platform modules already initialized, skipping
Refreshing native plugins compatible for Editor in 0.23 ms, found 1 plugins.
Preloading 0 native plugins for Editor in 0.00 ms.
Unloading 1113 Unused Serialized files (Serialized files now loaded: 0)
System memory in use before: 115.8 MB.
System memory in use after: 115.9 MB.

Unloading 5 unused Assets to reduce memory usage. Loaded Objects now: 1574.
Total: 2.893743 ms (FindLiveObjects: 0.528228 ms CreateObjectMapping: 0.076017 ms MarkObjects: 2.205959 ms  DeleteObjects: 0.081375 ms)

========================================================================
Received Import Request.
  Time since last request: 25.320881 seconds.
  path: Assets/Scripts/player.cs
  artifactKey: Guid(2740b341bdcd54046ba56a2a0abc0492) Importer(815301076,1909f56bfc062723c751e8b465ee728b)
Start importing Assets/Scripts/player.cs using Guid(2740b341bdcd54046ba56a2a0abc0492) Importer(815301076,1909f56bfc062723c751e8b465ee728b)  -> (artifact id: 'fcba086106ce55cb0dce007e97c1c5c8') in 0.009582 seconds
  Import took 0.013173 seconds .

========================================================================
Received Prepare
Registering precompiled user dll's ...
Registered in 0.000965 seconds.
Begin MonoManager ReloadAssembly
Native extension for WindowsStandalone target not found
Native extension for OSXStandalone target not found
Refreshing native plugins compatible for Editor in 0.23 ms, found 1 plugins.
Preloading 0 native plugins for Editor in 0.00 ms.
Invoked RoslynAnalysisRunner static constructor.
RoslynAnalysisRunner will not be running.
RoslynAnalysisRunner has terminated.
Mono: successfully reloaded assembly
- Completed reload, in  1.182 seconds
Platform modules already initialized, skipping
Refreshing native plugins compatible for Editor in 1.02 ms, found 1 plugins.
Preloading 0 native plugins for Editor in 0.00 ms.
Unloading 1113 Unused Serialized files (Serialized files now loaded: 0)
System memory in use before: 116.0 MB.
System memory in use after: 116.0 MB.

Unloading 5 unused Assets to reduce memory usage. Loaded Objects now: 1577.
Total: 4.277695 ms (FindLiveObjects: 0.452331 ms CreateObjectMapping: 0.264444 ms MarkObjects: 3.458827 ms  DeleteObjects: 0.100486 ms)

========================================================================
Received Prepare
Registering precompiled user dll's ...
Registered in 0.001342 seconds.
Begin MonoManager ReloadAssembly
Native extension for WindowsStandalone target not found
Native extension for OSXStandalone target not found
Refreshing native plugins compatible for Editor in 0.25 ms, found 1 plugins.
Preloading 0 native plugins for Editor in 0.00 ms.
Invoked RoslynAnalysisRunner static constructor.
RoslynAnalysisRunner will not be running.
RoslynAnalysisRunner has terminated.
Mono: successfully reloaded assembly
- Completed reload, in  1.489 seconds
Platform modules already initialized, skipping
Refreshing native plugins compatible for Editor in 0.24 ms, found 1 plugins.
Preloading 0 native plugins for Editor in 0.00 ms.
Unloading 1113 Unused Serialized files (Serialized files now loaded: 0)
System memory in use before: 116.2 MB.
System memory in use after: 116.3 MB.

Unloading 5 unused Assets to reduce memory usage. Loaded Objects now: 1580.
Total: 2.830088 ms (FindLiveObjects: 0.338509 ms CreateObjectMapping: 0.069771 ms MarkObjects: 2.319088 ms  DeleteObjects: 0.100498 ms)

========================================================================
Received Import Request.
  Time since last request: 491.698323 seconds.
  path: Assets/Prefab/Plane.prefab
  artifactKey: Guid(43bf3fd0206d9454693eef852293e593) Importer(815301076,1909f56bfc062723c751e8b465ee728b)
Start importing Assets/Prefab/Plane.prefab using Guid(43bf3fd0206d9454693eef852293e593) Importer(815301076,1909f56bfc062723c751e8b465ee728b)  -> (artifact id: '3f6fc5bde208b5d944ce24fefff43c3f') in 1.779945 seconds
  Import took 1.784675 seconds .

========================================================================
Received Import Request.
  Time since last request: 12.744232 seconds.
  path: Assets/Scenes/SampleScene.unity
  artifactKey: Guid(9fc0d4010bbf28b4594072e72b8655ab) Importer(815301076,1909f56bfc062723c751e8b465ee728b)
Start importing Assets/Scenes/SampleScene.unity using Guid(9fc0d4010bbf28b4594072e72b8655ab) Importer(815301076,1909f56bfc062723c751e8b465ee728b)  -> (artifact id: '860e7798caab94d8691bd9fb0315c646') in 0.003722 seconds
  Import took 0.009050 seconds .

========================================================================
Received Import Request.
  Time since last request: 16.812176 seconds.
  path: Assets/Prefab/Plane.prefab
  artifactKey: Guid(43bf3fd0206d9454693eef852293e593) Importer(815301076,1909f56bfc062723c751e8b465ee728b)
Start importing Assets/Prefab/Plane.prefab using Guid(43bf3fd0206d9454693eef852293e593) Importer(815301076,1909f56bfc062723c751e8b465ee728b)  -> (artifact id: '359fd61025b620e38bd29a62fc41ce63') in 0.020384 seconds
  Import took 0.023378 seconds .

========================================================================
Received Prepare
Registering precompiled user dll's ...
Registered in 0.001662 seconds.
Begin MonoManager ReloadAssembly
Native extension for WindowsStandalone target not found
Native extension for OSXStandalone target not found
Refreshing native plugins compatible for Editor in 0.33 ms, found 1 plugins.
Preloading 0 native plugins for Editor in 0.00 ms.
Invoked RoslynAnalysisRunner static constructor.
RoslynAnalysisRunner will not be running.
RoslynAnalysisRunner has terminated.
Mono: successfully reloaded assembly
- Completed reload, in  1.497 seconds
Platform modules already initialized, skipping
Refreshing native plugins compatible for Editor in 0.45 ms, found 1 plugins.
Preloading 0 native plugins for Editor in 0.00 ms.
Unloading 1113 Unused Serialized files (Serialized files now loaded: 0)
System memory in use before: 124.1 MB.
System memory in use after: 124.2 MB.

Unloading 6 unused Assets to reduce memory usage. Loaded Objects now: 1591.
Total: 3.628894 ms (FindLiveObjects: 0.176278 ms CreateObjectMapping: 0.038228 ms MarkObjects: 2.941100 ms  DeleteObjects: 0.469915 ms)

========================================================================
Received Prepare
Registering precompiled user dll's ...
Registered in 0.000385 seconds.
Begin MonoManager ReloadAssembly
Native extension for WindowsStandalone target not found
Native extension for OSXStandalone target not found
Refreshing native plugins compatible for Editor in 0.24 ms, found 1 plugins.
Preloading 0 native plugins for Editor in 0.00 ms.
Invoked RoslynAnalysisRunner static constructor.
RoslynAnalysisRunner will not be running.
RoslynAnalysisRunner has terminated.
Mono: successfully reloaded assembly
- Completed reload, in  1.219 seconds
Platform modules already initialized, skipping
Refreshing native plugins compatible for Editor in 0.43 ms, found 1 plugins.
Preloading 0 native plugins for Editor in 0.00 ms.
Unloading 1113 Unused Serialized files (Serialized files now loaded: 0)
System memory in use before: 124.3 MB.
System memory in use after: 124.3 MB.

Unloading 5 unused Assets to reduce memory usage. Loaded Objects now: 1594.
Total: 1.815082 ms (FindLiveObjects: 0.199461 ms CreateObjectMapping: 0.037454 ms MarkObjects: 1.530435 ms  DeleteObjects: 0.046694 ms)

========================================================================
Received Prepare
Registering precompiled user dll's ...
Registered in 0.000955 seconds.
Begin MonoManager ReloadAssembly
Native extension for WindowsStandalone target not found
Native extension for OSXStandalone target not found
Refreshing native plugins compatible for Editor in 0.23 ms, found 1 plugins.
Preloading 0 native plugins for Editor in 0.00 ms.
Invoked RoslynAnalysisRunner static constructor.
RoslynAnalysisRunner will not be running.
RoslynAnalysisRunner has terminated.
Mono: successfully reloaded assembly
- Completed reload, in  1.139 seconds
Platform modules already initialized, skipping
Refreshing native plugins compatible for Editor in 0.26 ms, found 1 plugins.
Preloading 0 native plugins for Editor in 0.00 ms.
Unloading 1113 Unused Serialized files (Serialized files now loaded: 0)
System memory in use before: 124.5 MB.
System memory in use after: 124.6 MB.

Unloading 5 unused Assets to reduce memory usage. Loaded Objects now: 1597.
Total: 2.260750 ms (FindLiveObjects: 0.320690 ms CreateObjectMapping: 0.084421 ms MarkObjects: 1.786339 ms  DeleteObjects: 0.065925 ms)

========================================================================
Received Import Request.
  Time since last request: 233.389852 seconds.
  path: Assets/Prefab/Plane.prefab
  artifactKey: Guid(43bf3fd0206d9454693eef852293e593) Importer(815301076,1909f56bfc062723c751e8b465ee728b)
Start importing Assets/Prefab/Plane.prefab using Guid(43bf3fd0206d9454693eef852293e593) Importer(815301076,1909f56bfc062723c751e8b465ee728b)  -> (artifact id: '1fcc864dadd92b5b78affab3442b86c2') in 0.124018 seconds
  Import took 0.127483 seconds .

========================================================================
Received Prepare
Registering precompiled user dll's ...
Registered in 0.001634 seconds.
Begin MonoManager ReloadAssembly
Native extension for WindowsStandalone target not found
Native extension for OSXStandalone target not found
Refreshing native plugins compatible for Editor in 0.26 ms, found 1 plugins.
Preloading 0 native plugins for Editor in 0.00 ms.
Invoked RoslynAnalysisRunner static constructor.
RoslynAnalysisRunner will not be running.
RoslynAnalysisRunner has terminated.
Mono: successfully reloaded assembly
- Completed reload, in  1.579 seconds
Platform modules already initialized, skipping
Refreshing native plugins compatible for Editor in 0.27 ms, found 1 plugins.
Preloading 0 native plugins for Editor in 0.00 ms.
Unloading 1113 Unused Serialized files (Serialized files now loaded: 0)
System memory in use before: 124.8 MB.
System memory in use after: 124.8 MB.

Unloading 6 unused Assets to reduce memory usage. Loaded Objects now: 1601.
Total: 3.253026 ms (FindLiveObjects: 0.303820 ms CreateObjectMapping: 0.060017 ms MarkObjects: 2.710607 ms  DeleteObjects: 0.174690 ms)

========================================================================
Received Import Request.
  Time since last request: 185.995329 seconds.
  path: Assets/Prefab/Plane.prefab
  artifactKey: Guid(43bf3fd0206d9454693eef852293e593) Importer(815301076,1909f56bfc062723c751e8b465ee728b)
Start importing Assets/Prefab/Plane.prefab using Guid(43bf3fd0206d9454693eef852293e593) Importer(815301076,1909f56bfc062723c751e8b465ee728b)  -> (artifact id: '0af525439f993015c1f2717dcb5df1a5') in 0.087398 seconds
  Import took 0.090997 seconds .

========================================================================
Received Prepare
Registering precompiled user dll's ...
Registered in 0.000420 seconds.
Begin MonoManager ReloadAssembly
Native extension for WindowsStandalone target not found
Native extension for OSXStandalone target not found
Refreshing native plugins compatible for Editor in 0.24 ms, found 1 plugins.
Preloading 0 native plugins for Editor in 0.00 ms.
Invoked RoslynAnalysisRunner static constructor.
RoslynAnalysisRunner will not be running.
RoslynAnalysisRunner has terminated.
Mono: successfully reloaded assembly
- Completed reload, in  1.353 seconds
Platform modules already initialized, skipping
Refreshing native plugins compatible for Editor in 3.49 ms, found 1 plugins.
Preloading 0 native plugins for Editor in 0.00 ms.
Unloading 1113 Unused Serialized files (Serialized files now loaded: 0)
System memory in use before: 125.0 MB.
System memory in use after: 125.0 MB.

Unloading 6 unused Assets to reduce memory usage. Loaded Objects now: 1605.
Total: 2.943251 ms (FindLiveObjects: 0.446801 ms CreateObjectMapping: 0.210898 ms MarkObjects: 2.212895 ms  DeleteObjects: 0.071286 ms)

========================================================================
Received Import Request.
  Time since last request: 822.518751 seconds.
  path: Assets/Tree_Textures/diffuse.png
  artifactKey: Guid(8f9c3dea5d2924dd6a9449dc2bfd80cf) Importer(815301076,1909f56bfc062723c751e8b465ee728b)
Start importing Assets/Tree_Textures/diffuse.png using Guid(8f9c3dea5d2924dd6a9449dc2bfd80cf) Importer(815301076,1909f56bfc062723c751e8b465ee728b)  -> (artifact id: '47437e1a67de3add7dba10a16b7ce8e0') in 1.678318 seconds
  Import took 1.809163 seconds .

========================================================================
Received Import Request.
  Time since last request: 0.000383 seconds.
  path: Assets/Tree_Textures/shadow.png
  artifactKey: Guid(d8fe91235d41543a084e58ca8be2749b) Importer(815301076,1909f56bfc062723c751e8b465ee728b)
Start importing Assets/Tree_Textures/shadow.png using Guid(d8fe91235d41543a084e58ca8be2749b) Importer(815301076,1909f56bfc062723c751e8b465ee728b)  -> (artifact id: '75c63aae91013922fa1b4280e5930bb0') in 0.013859 seconds
  Import took 0.017008 seconds .

========================================================================
Received Import Request.
  Time since last request: 0.000241 seconds.
  path: Assets/Tree_Textures/translucency_gloss.png
  artifactKey: Guid(ac3304611c35b4a949459cd49707d9d5) Importer(815301076,1909f56bfc062723c751e8b465ee728b)
Start importing Assets/Tree_Textures/translucency_gloss.png using Guid(ac3304611c35b4a949459cd49707d9d5) Importer(815301076,1909f56bfc062723c751e8b465ee728b)  -> (artifact id: '31cd8bc7933f524dd092ab14b4d0235c') in 0.093699 seconds
  Import took 0.100433 seconds .

========================================================================
Received Import Request.
  Time since last request: 0.017827 seconds.
  path: Assets/Tree_Textures/normal_specular.png
  artifactKey: Guid(83b61372b47c3443b8d7ae7fdd002360) Importer(815301076,1909f56bfc062723c751e8b465ee728b)
Start importing Assets/Tree_Textures/normal_specular.png using Guid(83b61372b47c3443b8d7ae7fdd002360) Importer(815301076,1909f56bfc062723c751e8b465ee728b)  -> (artifact id: 'f44401fc78f6db2456d71d593218321f') in 0.039638 seconds
  Import took 0.057084 seconds .

========================================================================
Received Import Request.
  Time since last request: 0.001217 seconds.
  path: Assets/Tree_Textures/translucency_gloss.png
  artifactKey: Guid(ac3304611c35b4a949459cd49707d9d5) Importer(815301076,1909f56bfc062723c751e8b465ee728b)
Start importing Assets/Tree_Textures/translucency_gloss.png using Guid(ac3304611c35b4a949459cd49707d9d5) Importer(815301076,1909f56bfc062723c751e8b465ee728b)  -> (artifact id: '31cd8bc7933f524dd092ab14b4d0235c') in 0.058275 seconds
  Import took 0.064278 seconds .

========================================================================
Received Import Request.
  Time since last request: 0.594624 seconds.
  path: Assets/Tree.prefab
  artifactKey: Guid(3738c5f46dff14345b60be3291df84ac) Importer(815301076,1909f56bfc062723c751e8b465ee728b)
Start importing Assets/Tree.prefab using Guid(3738c5f46dff14345b60be3291df84ac) Importer(815301076,1909f56bfc062723c751e8b465ee728b)  -> (artifact id: '89ef4ed48d3858271d8b8bfc1d555b6a') in 0.858372 seconds
  Import took 0.862583 seconds .

========================================================================
Received Import Request.
  Time since last request: 21.247594 seconds.
  path: Assets/MASH Virtual
  artifactKey: Guid(6303ddd54831544ee865d976e8d13ac6) Importer(815301076,1909f56bfc062723c751e8b465ee728b)
Start importing Assets/MASH Virtual using Guid(6303ddd54831544ee865d976e8d13ac6) Importer(815301076,1909f56bfc062723c751e8b465ee728b)  -> (artifact id: '55fc2e4ae32b837579c97bc9c6913f51') in 0.001666 seconds
  Import took 0.004857 seconds .

========================================================================
Received Import Request.
  Time since last request: 0.988554 seconds.
  path: Assets/MASH Virtual/Assets
  artifactKey: Guid(939b062c349685943a09913307a0efbc) Importer(815301076,1909f56bfc062723c751e8b465ee728b)
Start importing Assets/MASH Virtual/Assets using Guid(939b062c349685943a09913307a0efbc) Importer(815301076,1909f56bfc062723c751e8b465ee728b)  -> (artifact id: 'cc2452b7e3b4ff746b85e2104f77d348') in 0.003450 seconds
  Import took 0.007948 seconds .

========================================================================
Received Import Request.
  Time since last request: 1.872365 seconds.
  path: Assets/MASH Virtual/Assets/Prefab
  artifactKey: Guid(ef33f687ebe0519408417a45f300965d) Importer(815301076,1909f56bfc062723c751e8b465ee728b)
Start importing Assets/MASH Virtual/Assets/Prefab using Guid(ef33f687ebe0519408417a45f300965d) Importer(815301076,1909f56bfc062723c751e8b465ee728b)  -> (artifact id: '43633e3b527cd335c7d44035845e4fdf') in 0.001276 seconds
  Import took 0.007116 seconds .

========================================================================
Received Import Request.
  Time since last request: 0.492747 seconds.
  path: Assets/MASH Virtual/Assets/Texutre
  artifactKey: Guid(712bf546504e687458259abcacd249f4) Importer(815301076,1909f56bfc062723c751e8b465ee728b)
Start importing Assets/MASH Virtual/Assets/Texutre using Guid(712bf546504e687458259abcacd249f4) Importer(815301076,1909f56bfc062723c751e8b465ee728b)  -> (artifact id: '54829ba42872ada9c09ee4ae1c05fdd9') in 0.004032 seconds
  Import took 0.010212 seconds .

========================================================================
Received Import Request.
  Time since last request: 0.008462 seconds.
  path: Assets/MASH Virtual/Assets/Texutre
  artifactKey: Guid(712bf546504e687458259abcacd249f4) Importer(815301076,1909f56bfc062723c751e8b465ee728b)
Start importing Assets/MASH Virtual/Assets/Texutre using Guid(712bf546504e687458259abcacd249f4) Importer(815301076,1909f56bfc062723c751e8b465ee728b)  -> (artifact id: '54829ba42872ada9c09ee4ae1c05fdd9') in 0.001570 seconds
  Import took 0.004891 seconds .

========================================================================
Received Import Request.
  Time since last request: 0.146717 seconds.
  path: Assets/MASH Virtual/Assets/Texutre/Parking_Table_Table_New_AlbedoTransparency.png
  artifactKey: Guid(f66f931405cea194cadf5b5f81143924) Importer(815301076,1909f56bfc062723c751e8b465ee728b)
Start importing Assets/MASH Virtual/Assets/Texutre/Parking_Table_Table_New_AlbedoTransparency.png using Guid(f66f931405cea194cadf5b5f81143924) Importer(815301076,1909f56bfc062723c751e8b465ee728b)  -> (artifact id: 'c91bfd32f05663825c1c5cd99b184a3c') in 0.109555 seconds
  Import took 0.112754 seconds .

========================================================================
Received Import Request.
  Time since last request: 0.000274 seconds.
  path: Assets/MASH Virtual/Assets/Texutre/Parking_Table_Table_Old_AlbedoTransparency.png
  artifactKey: Guid(8f68c1c9776b78144a82796fbfa3c013) Importer(815301076,1909f56bfc062723c751e8b465ee728b)
Start importing Assets/MASH Virtual/Assets/Texutre/Parking_Table_Table_Old_AlbedoTransparency.png using Guid(8f68c1c9776b78144a82796fbfa3c013) Importer(815301076,1909f56bfc062723c751e8b465ee728b)  -> (artifact id: '0d1a873fd7f11c5e5eddc7ecbd356e08') in 0.014236 seconds
  Import took 0.018465 seconds .

========================================================================
Received Import Request.
  Time since last request: 0.000366 seconds.
  path: Assets/MASH Virtual/Assets/Texutre/Plane_phong1_MetallicSmoothness.png
  artifactKey: Guid(37ddf6bd6548a274b9ea52f29289d0e6) Importer(815301076,1909f56bfc062723c751e8b465ee728b)
Start importing Assets/MASH Virtual/Assets/Texutre/Plane_phong1_MetallicSmoothness.png using Guid(37ddf6bd6548a274b9ea52f29289d0e6) Importer(815301076,1909f56bfc062723c751e8b465ee728b)  -> (artifact id: '6b2340765b846dab3212ac1bc6bc475e') in 0.058842 seconds
  Import took 0.065548 seconds .

========================================================================
Received Import Request.
  Time since last request: 0.000230 seconds.
  path: Assets/MASH Virtual/Assets/Texutre/Parking_Table_Table_Old_MetallicSmoothness.png
  artifactKey: Guid(557a443626ed5ad4f9cdfe1b23576768) Importer(815301076,1909f56bfc062723c751e8b465ee728b)
Start importing Assets/MASH Virtual/Assets/Texutre/Parking_Table_Table_Old_MetallicSmoothness.png using Guid(557a443626ed5ad4f9cdfe1b23576768) Importer(815301076,1909f56bfc062723c751e8b465ee728b)  -> (artifact id: '62be8c9736224d63a77dcb38bef8a66f') in 0.118344 seconds
  Import took 0.121908 seconds .

========================================================================
Received Import Request.
  Time since last request: 0.000517 seconds.
  path: Assets/MASH Virtual/Assets/Texutre/Plane_phong1_Normal.png
  artifactKey: Guid(588d74ab7afec9f4184e30732efe0c02) Importer(815301076,1909f56bfc062723c751e8b465ee728b)
Start importing Assets/MASH Virtual/Assets/Texutre/Plane_phong1_Normal.png using Guid(588d74ab7afec9f4184e30732efe0c02) Importer(815301076,1909f56bfc062723c751e8b465ee728b)  -> (artifact id: '1a80a397cf9f9c815077d0d3bd108385') in 0.221509 seconds
  Import took 0.225581 seconds .

========================================================================
Received Import Request.
  Time since last request: 0.000201 seconds.
  path: Assets/MASH Virtual/Assets/Texutre/Plane_phong1_AlbedoTransparency.png
  artifactKey: Guid(d4de1d36c48b0544abebf259804acdc8) Importer(815301076,1909f56bfc062723c751e8b465ee728b)
Start importing Assets/MASH Virtual/Assets/Texutre/Plane_phong1_AlbedoTransparency.png using Guid(d4de1d36c48b0544abebf259804acdc8) Importer(815301076,1909f56bfc062723c751e8b465ee728b)  -> (artifact id: '8780f448773750c99e2ce31aec039981') in 0.012942 seconds
  Import took 0.015445 seconds .

========================================================================
Received Import Request.
  Time since last request: 0.000527 seconds.
  path: Assets/MASH Virtual/Assets/Texutre/Parking_Table_Table_New_MetallicSmoothness.png
  artifactKey: Guid(d82b153e3f1c6c24cbbba94421c45d9b) Importer(815301076,1909f56bfc062723c751e8b465ee728b)
Start importing Assets/MASH Virtual/Assets/Texutre/Parking_Table_Table_New_MetallicSmoothness.png using Guid(d82b153e3f1c6c24cbbba94421c45d9b) Importer(815301076,1909f56bfc062723c751e8b465ee728b)  -> (artifact id: '38a5a859e4291314de319b85c95f51da') in 0.021512 seconds
  Import took 0.024732 seconds .

========================================================================
Received Import Request.
  Time since last request: 0.000209 seconds.
  path: Assets/MASH Virtual/Assets/Texutre/Parking_Table_Table_Old_Normal.png
  artifactKey: Guid(27550fee6799f8a4bb46e907514ace65) Importer(815301076,1909f56bfc062723c751e8b465ee728b)
Start importing Assets/MASH Virtual/Assets/Texutre/Parking_Table_Table_Old_Normal.png using Guid(27550fee6799f8a4bb46e907514ace65) Importer(815301076,1909f56bfc062723c751e8b465ee728b)  -> (artifact id: '1bfd99c78bdfb68f9a249c2a11b7e1e0') in 0.016865 seconds
  Import took 0.019963 seconds .

========================================================================
Received Import Request.
  Time since last request: 6.742099 seconds.
  path: Assets/MASH Virtual/Assets/Prefab/Table_New.prefab
  artifactKey: Guid(7d72879ba54738d42887f83754ca3b26) Importer(815301076,1909f56bfc062723c751e8b465ee728b)
Start importing Assets/MASH Virtual/Assets/Prefab/Table_New.prefab using Guid(7d72879ba54738d42887f83754ca3b26) Importer(815301076,1909f56bfc062723c751e8b465ee728b)  -> (artifact id: '7daf78197305827a7d46bd9b50502073') in 0.752997 seconds
  Import took 0.756738 seconds .

========================================================================
Received Import Request.
  Time since last request: 0.000254 seconds.
  path: Assets/MASH Virtual/Assets/Prefab/Table_Old.prefab
  artifactKey: Guid(70ba99294aa3c1047a523b23d168a5d0) Importer(815301076,1909f56bfc062723c751e8b465ee728b)
Start importing Assets/MASH Virtual/Assets/Prefab/Table_Old.prefab using Guid(70ba99294aa3c1047a523b23d168a5d0) Importer(815301076,1909f56bfc062723c751e8b465ee728b)  -> (artifact id: '43e262a770eca745ac818e337d972abd') in 0.044893 seconds
  Import took 0.048737 seconds .

========================================================================
Received Import Request.
  Time since last request: 0.006114 seconds.
  path: Assets/MASH Virtual/Assets/Prefab/Table_Old.prefab
  artifactKey: Guid(70ba99294aa3c1047a523b23d168a5d0) Importer(815301076,1909f56bfc062723c751e8b465ee728b)
Start importing Assets/MASH Virtual/Assets/Prefab/Table_Old.prefab using Guid(70ba99294aa3c1047a523b23d168a5d0) Importer(815301076,1909f56bfc062723c751e8b465ee728b)  -> (artifact id: '43e262a770eca745ac818e337d972abd') in 0.072690 seconds
  Import took 0.077245 seconds .

========================================================================
Received Prepare
Registering precompiled user dll's ...
Registered in 0.022233 seconds.
Begin MonoManager ReloadAssembly
Native extension for WindowsStandalone target not found
Native extension for OSXStandalone target not found
Refreshing native plugins compatible for Editor in 0.32 ms, found 1 plugins.
Preloading 0 native plugins for Editor in 0.00 ms.
Invoked RoslynAnalysisRunner static constructor.
RoslynAnalysisRunner will not be running.
RoslynAnalysisRunner has terminated.
Mono: successfully reloaded assembly
- Completed reload, in  1.415 seconds
Platform modules already initialized, skipping
Refreshing native plugins compatible for Editor in 0.32 ms, found 1 plugins.
Preloading 0 native plugins for Editor in 0.00 ms.
Unloading 1113 Unused Serialized files (Serialized files now loaded: 0)
System memory in use before: 130.3 MB.
System memory in use after: 130.4 MB.

Unloading 5 unused Assets to reduce memory usage. Loaded Objects now: 1651.
Total: 4.965367 ms (FindLiveObjects: 0.414422 ms CreateObjectMapping: 0.081129 ms MarkObjects: 4.329461 ms  DeleteObjects: 0.138113 ms)

========================================================================
Received Prepare
Registering precompiled user dll's ...
Registered in 0.000489 seconds.
Begin MonoManager ReloadAssembly
Native extension for WindowsStandalone target not found
Native extension for OSXStandalone target not found
Refreshing native plugins compatible for Editor in 0.29 ms, found 1 plugins.
Preloading 0 native plugins for Editor in 0.00 ms.
Invoked RoslynAnalysisRunner static constructor.
RoslynAnalysisRunner will not be running.
RoslynAnalysisRunner has terminated.
Mono: successfully reloaded assembly
- Completed reload, in  1.232 seconds
Platform modules already initialized, skipping
Refreshing native plugins compatible for Editor in 0.24 ms, found 1 plugins.
Preloading 0 native plugins for Editor in 0.00 ms.
Unloading 1113 Unused Serialized files (Serialized files now loaded: 0)
System memory in use before: 130.5 MB.
System memory in use after: 130.5 MB.

Unloading 5 unused Assets to reduce memory usage. Loaded Objects now: 1654.
Total: 2.785596 ms (FindLiveObjects: 0.555105 ms CreateObjectMapping: 0.142385 ms MarkObjects: 2.020787 ms  DeleteObjects: 0.062907 ms)

========================================================================
Received Prepare
Registering precompiled user dll's ...
Registered in 0.000448 seconds.
Begin MonoManager ReloadAssembly
Native extension for WindowsStandalone target not found
Native extension for OSXStandalone target not found
Refreshing native plugins compatible for Editor in 0.32 ms, found 1 plugins.
Preloading 0 native plugins for Editor in 0.00 ms.
Invoked RoslynAnalysisRunner static constructor.
RoslynAnalysisRunner will not be running.
RoslynAnalysisRunner has terminated.
Mono: successfully reloaded assembly
- Completed reload, in  1.223 seconds
Platform modules already initialized, skipping
Refreshing native plugins compatible for Editor in 0.36 ms, found 1 plugins.
Preloading 0 native plugins for Editor in 0.00 ms.
Unloading 1113 Unused Serialized files (Serialized files now loaded: 0)
System memory in use before: 130.7 MB.
System memory in use after: 130.7 MB.

Unloading 5 unused Assets to reduce memory usage. Loaded Objects now: 1657.
Total: 2.342225 ms (FindLiveObjects: 0.257536 ms CreateObjectMapping: 0.058846 ms MarkObjects: 1.970140 ms  DeleteObjects: 0.053789 ms)

========================================================================
Received Prepare
Registering precompiled user dll's ...
Registered in 0.001422 seconds.
Begin MonoManager ReloadAssembly
Native extension for WindowsStandalone target not found
Native extension for OSXStandalone target not found
Refreshing native plugins compatible for Editor in 0.38 ms, found 1 plugins.
Preloading 0 native plugins for Editor in 0.00 ms.
Invoked RoslynAnalysisRunner static constructor.
RoslynAnalysisRunner will not be running.
RoslynAnalysisRunner has terminated.
Mono: successfully reloaded assembly
- Completed reload, in  1.321 seconds
Platform modules already initialized, skipping
Refreshing native plugins compatible for Editor in 0.35 ms, found 1 plugins.
Preloading 0 native plugins for Editor in 0.00 ms.
Unloading 1113 Unused Serialized files (Serialized files now loaded: 0)
System memory in use before: 130.8 MB.
System memory in use after: 130.9 MB.

Unloading 5 unused Assets to reduce memory usage. Loaded Objects now: 1660.
Total: 2.348242 ms (FindLiveObjects: 0.353999 ms CreateObjectMapping: 0.053655 ms MarkObjects: 1.845243 ms  DeleteObjects: 0.094046 ms)

========================================================================
Received Prepare
Registering precompiled user dll's ...
Registered in 0.003900 seconds.
Begin MonoManager ReloadAssembly
Native extension for WindowsStandalone target not found
Native extension for OSXStandalone target not found
Refreshing native plugins compatible for Editor in 0.35 ms, found 1 plugins.
Preloading 0 native plugins for Editor in 0.00 ms.
Invoked RoslynAnalysisRunner static constructor.
RoslynAnalysisRunner will not be running.
RoslynAnalysisRunner has terminated.
Mono: successfully reloaded assembly
- Completed reload, in  1.997 seconds
Platform modules already initialized, skipping
Refreshing native plugins compatible for Editor in 0.47 ms, found 1 plugins.
Preloading 0 native plugins for Editor in 0.00 ms.
Unloading 1113 Unused Serialized files (Serialized files now loaded: 0)
System memory in use before: 131.1 MB.
System memory in use after: 131.2 MB.

Unloading 5 unused Assets to reduce memory usage. Loaded Objects now: 1663.
Total: 5.717891 ms (FindLiveObjects: 1.639832 ms CreateObjectMapping: 0.330342 ms MarkObjects: 3.572652 ms  DeleteObjects: 0.172908 ms)

========================================================================
Received Prepare
Registering precompiled user dll's ...
Registered in 0.001336 seconds.
Begin MonoManager ReloadAssembly
Native extension for WindowsStandalone target not found
Native extension for OSXStandalone target not found
Refreshing native plugins compatible for Editor in 0.39 ms, found 1 plugins.
Preloading 0 native plugins for Editor in 0.00 ms.
Invoked RoslynAnalysisRunner static constructor.
RoslynAnalysisRunner will not be running.
RoslynAnalysisRunner has terminated.
Mono: successfully reloaded assembly
- Completed reload, in  1.135 seconds
Platform modules already initialized, skipping
Refreshing native plugins compatible for Editor in 0.41 ms, found 1 plugins.
Preloading 0 native plugins for Editor in 0.00 ms.
Unloading 1113 Unused Serialized files (Serialized files now loaded: 0)
System memory in use before: 131.2 MB.
System memory in use after: 131.3 MB.

Unloading 5 unused Assets to reduce memory usage. Loaded Objects now: 1666.
Total: 2.080110 ms (FindLiveObjects: 0.281595 ms CreateObjectMapping: 0.101808 ms MarkObjects: 1.624006 ms  DeleteObjects: 0.071116 ms)

========================================================================
Received Import Request.
  Time since last request: 813.868059 seconds.
  path: Assets/Scripts/tableBehavior.cs
  artifactKey: Guid(f90609c458f3542d785f6762e0a40a96) Importer(815301076,1909f56bfc062723c751e8b465ee728b)
Start importing Assets/Scripts/tableBehavior.cs using Guid(f90609c458f3542d785f6762e0a40a96) Importer(815301076,1909f56bfc062723c751e8b465ee728b)  -> (artifact id: '81fe3008b282f31c969dab451fce9644') in 0.029160 seconds
  Import took 0.033206 seconds .

========================================================================
Received Prepare
Registering precompiled user dll's ...
Registered in 0.000335 seconds.
Begin MonoManager ReloadAssembly
Native extension for WindowsStandalone target not found
Native extension for OSXStandalone target not found
Refreshing native plugins compatible for Editor in 0.37 ms, found 1 plugins.
Preloading 0 native plugins for Editor in 0.00 ms.
Invoked RoslynAnalysisRunner static constructor.
RoslynAnalysisRunner will not be running.
RoslynAnalysisRunner has terminated.
Mono: successfully reloaded assembly
- Completed reload, in  1.662 seconds
Platform modules already initialized, skipping
Refreshing native plugins compatible for Editor in 0.26 ms, found 1 plugins.
Preloading 0 native plugins for Editor in 0.00 ms.
Unloading 1114 Unused Serialized files (Serialized files now loaded: 0)
System memory in use before: 131.4 MB.
System memory in use after: 131.5 MB.

Unloading 5 unused Assets to reduce memory usage. Loaded Objects now: 1670.
Total: 2.078178 ms (FindLiveObjects: 0.273511 ms CreateObjectMapping: 0.053916 ms MarkObjects: 1.691951 ms  DeleteObjects: 0.057092 ms)

========================================================================
Received Import Request.
  Time since last request: 163.766320 seconds.
  path: ProjectSettings/TagManager.asset
  artifactKey: Guid(00000000000000003000000000000000) Importer(815301076,1909f56bfc062723c751e8b465ee728b)
Start importing ProjectSettings/TagManager.asset using Guid(00000000000000003000000000000000) Importer(815301076,1909f56bfc062723c751e8b465ee728b)  -> (artifact id: '5f2312554d743e0ea58a0dd1ea3ae07e') in 0.627428 seconds
  Import took 0.644885 seconds .

========================================================================
Received Prepare
Registering precompiled user dll's ...
Registered in 0.004486 seconds.
Begin MonoManager ReloadAssembly
Native extension for WindowsStandalone target not found
Native extension for OSXStandalone target not found
Refreshing native plugins compatible for Editor in 0.40 ms, found 1 plugins.
Preloading 0 native plugins for Editor in 0.00 ms.
Invoked RoslynAnalysisRunner static constructor.
RoslynAnalysisRunner will not be running.
RoslynAnalysisRunner has terminated.
Mono: successfully reloaded assembly
- Completed reload, in  1.338 seconds
Platform modules already initialized, skipping
Refreshing native plugins compatible for Editor in 0.34 ms, found 1 plugins.
Preloading 0 native plugins for Editor in 0.00 ms.
Unloading 1114 Unused Serialized files (Serialized files now loaded: 0)
System memory in use before: 135.8 MB.
System memory in use after: 135.9 MB.

Unloading 6 unused Assets to reduce memory usage. Loaded Objects now: 1673.
Total: 2.214419 ms (FindLiveObjects: 0.356964 ms CreateObjectMapping: 0.065155 ms MarkObjects: 1.698099 ms  DeleteObjects: 0.092322 ms)

========================================================================
Received Prepare
Registering precompiled user dll's ...
Registered in 0.003127 seconds.
Begin MonoManager ReloadAssembly
Native extension for WindowsStandalone target not found
Native extension for OSXStandalone target not found
Refreshing native plugins compatible for Editor in 0.48 ms, found 1 plugins.
Preloading 0 native plugins for Editor in 0.00 ms.
Invoked RoslynAnalysisRunner static constructor.
RoslynAnalysisRunner will not be running.
RoslynAnalysisRunner has terminated.
Mono: successfully reloaded assembly
- Completed reload, in  1.505 seconds
Platform modules already initialized, skipping
Refreshing native plugins compatible for Editor in 0.24 ms, found 1 plugins.
Preloading 0 native plugins for Editor in 0.00 ms.
Unloading 1114 Unused Serialized files (Serialized files now loaded: 0)
System memory in use before: 136.1 MB.
System memory in use after: 136.1 MB.

Unloading 5 unused Assets to reduce memory usage. Loaded Objects now: 1676.
Total: 4.395154 ms (FindLiveObjects: 1.465961 ms CreateObjectMapping: 0.110588 ms MarkObjects: 2.682947 ms  DeleteObjects: 0.133203 ms)

========================================================================
Received Prepare
Registering precompiled user dll's ...
Registered in 0.002644 seconds.
Begin MonoManager ReloadAssembly
Native extension for WindowsStandalone target not found
Native extension for OSXStandalone target not found
Refreshing native plugins compatible for Editor in 0.25 ms, found 1 plugins.
Preloading 0 native plugins for Editor in 0.00 ms.
Invoked RoslynAnalysisRunner static constructor.
RoslynAnalysisRunner will not be running.
RoslynAnalysisRunner has terminated.
Mono: successfully reloaded assembly
- Completed reload, in  1.348 seconds
Platform modules already initialized, skipping
Refreshing native plugins compatible for Editor in 0.27 ms, found 1 plugins.
Preloading 0 native plugins for Editor in 0.00 ms.
Unloading 1114 Unused Serialized files (Serialized files now loaded: 0)
System memory in use before: 136.2 MB.
System memory in use after: 136.3 MB.

Unloading 5 unused Assets to reduce memory usage. Loaded Objects now: 1679.
Total: 2.271473 ms (FindLiveObjects: 0.259041 ms CreateObjectMapping: 0.052637 ms MarkObjects: 1.877134 ms  DeleteObjects: 0.080487 ms)

========================================================================
Received Prepare
Registering precompiled user dll's ...
Registered in 0.000609 seconds.
Begin MonoManager ReloadAssembly
Native extension for WindowsStandalone target not found
Native extension for OSXStandalone target not found
Refreshing native plugins compatible for Editor in 0.24 ms, found 1 plugins.
Preloading 0 native plugins for Editor in 0.00 ms.
Invoked RoslynAnalysisRunner static constructor.
RoslynAnalysisRunner will not be running.
RoslynAnalysisRunner has terminated.
Mono: successfully reloaded assembly
- Completed reload, in  1.496 seconds
Platform modules already initialized, skipping
Refreshing native plugins compatible for Editor in 0.33 ms, found 1 plugins.
Preloading 0 native plugins for Editor in 0.00 ms.
Unloading 1114 Unused Serialized files (Serialized files now loaded: 0)
System memory in use before: 136.4 MB.
System memory in use after: 136.5 MB.

Unloading 5 unused Assets to reduce memory usage. Loaded Objects now: 1682.
Total: 2.239953 ms (FindLiveObjects: 0.305581 ms CreateObjectMapping: 0.062018 ms MarkObjects: 1.801450 ms  DeleteObjects: 0.067202 ms)

========================================================================
Received Prepare
Registering precompiled user dll's ...
Registered in 0.004530 seconds.
Begin MonoManager ReloadAssembly
Native extension for WindowsStandalone target not found
Native extension for OSXStandalone target not found
Refreshing native plugins compatible for Editor in 0.26 ms, found 1 plugins.
Preloading 0 native plugins for Editor in 0.00 ms.
Invoked RoslynAnalysisRunner static constructor.
RoslynAnalysisRunner will not be running.
RoslynAnalysisRunner has terminated.
Mono: successfully reloaded assembly
- Completed reload, in  1.839 seconds
Platform modules already initialized, skipping
Refreshing native plugins compatible for Editor in 0.25 ms, found 1 plugins.
Preloading 0 native plugins for Editor in 0.00 ms.
Unloading 1114 Unused Serialized files (Serialized files now loaded: 0)
System memory in use before: 136.6 MB.
System memory in use after: 136.6 MB.

Unloading 5 unused Assets to reduce memory usage. Loaded Objects now: 1685.
Total: 2.464050 ms (FindLiveObjects: 0.553273 ms CreateObjectMapping: 0.052325 ms MarkObjects: 1.770132 ms  DeleteObjects: 0.086554 ms)

========================================================================
Received Prepare
Registering precompiled user dll's ...
Registered in 0.000623 seconds.
Begin MonoManager ReloadAssembly
Native extension for WindowsStandalone target not found
Native extension for OSXStandalone target not found
Refreshing native plugins compatible for Editor in 0.24 ms, found 1 plugins.
Preloading 0 native plugins for Editor in 0.00 ms.
Invoked RoslynAnalysisRunner static constructor.
RoslynAnalysisRunner will not be running.
RoslynAnalysisRunner has terminated.
Mono: successfully reloaded assembly
- Completed reload, in  1.165 seconds
Platform modules already initialized, skipping
Refreshing native plugins compatible for Editor in 0.23 ms, found 1 plugins.
Preloading 0 native plugins for Editor in 0.00 ms.
Unloading 1114 Unused Serialized files (Serialized files now loaded: 0)
System memory in use before: 136.7 MB.
System memory in use after: 136.8 MB.

Unloading 5 unused Assets to reduce memory usage. Loaded Objects now: 1688.
Total: 2.281390 ms (FindLiveObjects: 0.246718 ms CreateObjectMapping: 0.063408 ms MarkObjects: 1.904293 ms  DeleteObjects: 0.065350 ms)

========================================================================
Received Prepare
Registering precompiled user dll's ...
Registered in 0.000437 seconds.
Begin MonoManager ReloadAssembly
Native extension for WindowsStandalone target not found
Native extension for OSXStandalone target not found
Refreshing native plugins compatible for Editor in 1.08 ms, found 1 plugins.
Preloading 0 native plugins for Editor in 0.00 ms.
Invoked RoslynAnalysisRunner static constructor.
RoslynAnalysisRunner will not be running.
RoslynAnalysisRunner has terminated.
Mono: successfully reloaded assembly
- Completed reload, in  1.814 seconds
Platform modules already initialized, skipping
Refreshing native plugins compatible for Editor in 0.24 ms, found 1 plugins.
Preloading 0 native plugins for Editor in 0.00 ms.
Unloading 1114 Unused Serialized files (Serialized files now loaded: 0)
System memory in use before: 136.9 MB.
System memory in use after: 137.0 MB.

Unloading 5 unused Assets to reduce memory usage. Loaded Objects now: 1691.
Total: 2.242010 ms (FindLiveObjects: 0.283088 ms CreateObjectMapping: 0.061367 ms MarkObjects: 1.832831 ms  DeleteObjects: 0.062618 ms)

========================================================================
Received Prepare
Registering precompiled user dll's ...
Registered in 0.000652 seconds.
Begin MonoManager ReloadAssembly
Native extension for WindowsStandalone target not found
Native extension for OSXStandalone target not found
Refreshing native plugins compatible for Editor in 0.24 ms, found 1 plugins.
Preloading 0 native plugins for Editor in 0.00 ms.
Invoked RoslynAnalysisRunner static constructor.
RoslynAnalysisRunner will not be running.
RoslynAnalysisRunner has terminated.
Mono: successfully reloaded assembly
- Completed reload, in  1.233 seconds
Platform modules already initialized, skipping
Refreshing native plugins compatible for Editor in 0.27 ms, found 1 plugins.
Preloading 0 native plugins for Editor in 0.00 ms.
Unloading 1114 Unused Serialized files (Serialized files now loaded: 0)
System memory in use before: 137.1 MB.
System memory in use after: 137.2 MB.

Unloading 5 unused Assets to reduce memory usage. Loaded Objects now: 1694.
Total: 3.566837 ms (FindLiveObjects: 0.391246 ms CreateObjectMapping: 0.130878 ms MarkObjects: 2.963141 ms  DeleteObjects: 0.078735 ms)

========================================================================
Received Prepare
Registering precompiled user dll's ...
Registered in 0.000681 seconds.
Begin MonoManager ReloadAssembly
Native extension for WindowsStandalone target not found
Native extension for OSXStandalone target not found
Refreshing native plugins compatible for Editor in 0.36 ms, found 1 plugins.
Preloading 0 native plugins for Editor in 0.00 ms.
Invoked RoslynAnalysisRunner static constructor.
RoslynAnalysisRunner will not be running.
RoslynAnalysisRunner has terminated.
Mono: successfully reloaded assembly
- Completed reload, in  1.433 seconds
Platform modules already initialized, skipping
Refreshing native plugins compatible for Editor in 0.25 ms, found 1 plugins.
Preloading 0 native plugins for Editor in 0.00 ms.
Unloading 1114 Unused Serialized files (Serialized files now loaded: 0)
System memory in use before: 137.3 MB.
System memory in use after: 137.4 MB.

Unloading 5 unused Assets to reduce memory usage. Loaded Objects now: 1697.
Total: 2.468882 ms (FindLiveObjects: 0.400477 ms CreateObjectMapping: 0.059356 ms MarkObjects: 1.896620 ms  DeleteObjects: 0.110542 ms)

========================================================================
Received Prepare
Registering precompiled user dll's ...
Registered in 0.004774 seconds.
Begin MonoManager ReloadAssembly
Native extension for WindowsStandalone target not found
Native extension for OSXStandalone target not found
Refreshing native plugins compatible for Editor in 0.26 ms, found 1 plugins.
Preloading 0 native plugins for Editor in 0.00 ms.
Invoked RoslynAnalysisRunner static constructor.
RoslynAnalysisRunner will not be running.
RoslynAnalysisRunner has terminated.
Mono: successfully reloaded assembly
- Completed reload, in  1.915 seconds
Platform modules already initialized, skipping
Refreshing native plugins compatible for Editor in 0.36 ms, found 1 plugins.
Preloading 0 native plugins for Editor in 0.00 ms.
Unloading 1114 Unused Serialized files (Serialized files now loaded: 0)
System memory in use before: 137.6 MB.
System memory in use after: 137.6 MB.

Unloading 5 unused Assets to reduce memory usage. Loaded Objects now: 1700.
Total: 7.515046 ms (FindLiveObjects: 1.073533 ms CreateObjectMapping: 0.056839 ms MarkObjects: 5.943426 ms  DeleteObjects: 0.438740 ms)

========================================================================
Received Prepare
Registering precompiled user dll's ...
Registered in 0.000558 seconds.
Begin MonoManager ReloadAssembly
Native extension for WindowsStandalone target not found
Native extension for OSXStandalone target not found
Refreshing native plugins compatible for Editor in 0.26 ms, found 1 plugins.
Preloading 0 native plugins for Editor in 0.00 ms.
Invoked RoslynAnalysisRunner static constructor.
RoslynAnalysisRunner will not be running.
RoslynAnalysisRunner has terminated.
Mono: successfully reloaded assembly
- Completed reload, in  1.751 seconds
Platform modules already initialized, skipping
Refreshing native plugins compatible for Editor in 0.24 ms, found 1 plugins.
Preloading 0 native plugins for Editor in 0.00 ms.
Unloading 1114 Unused Serialized files (Serialized files now loaded: 0)
System memory in use before: 137.7 MB.
System memory in use after: 137.8 MB.

Unloading 5 unused Assets to reduce memory usage. Loaded Objects now: 1703.
Total: 1.899044 ms (FindLiveObjects: 0.276039 ms CreateObjectMapping: 0.044058 ms MarkObjects: 1.499512 ms  DeleteObjects: 0.078328 ms)

========================================================================
Received Prepare
Registering precompiled user dll's ...
Registered in 0.000769 seconds.
Begin MonoManager ReloadAssembly
Native extension for WindowsStandalone target not found
Native extension for OSXStandalone target not found
Refreshing native plugins compatible for Editor in 0.37 ms, found 1 plugins.
Preloading 0 native plugins for Editor in 0.00 ms.
Invoked RoslynAnalysisRunner static constructor.
RoslynAnalysisRunner will not be running.
RoslynAnalysisRunner has terminated.
Mono: successfully reloaded assembly
- Completed reload, in  1.399 seconds
Platform modules already initialized, skipping
Refreshing native plugins compatible for Editor in 0.32 ms, found 1 plugins.
Preloading 0 native plugins for Editor in 0.00 ms.
Unloading 1114 Unused Serialized files (Serialized files now loaded: 0)
System memory in use before: 137.9 MB.
System memory in use after: 138.0 MB.

Unloading 5 unused Assets to reduce memory usage. Loaded Objects now: 1706.
Total: 2.383779 ms (FindLiveObjects: 0.162594 ms CreateObjectMapping: 0.308131 ms MarkObjects: 1.848156 ms  DeleteObjects: 0.063400 ms)

========================================================================
Received Prepare
Registering precompiled user dll's ...
Registered in 0.003495 seconds.
Begin MonoManager ReloadAssembly
Native extension for WindowsStandalone target not found
Native extension for OSXStandalone target not found
Refreshing native plugins compatible for Editor in 0.23 ms, found 1 plugins.
Preloading 0 native plugins for Editor in 0.00 ms.
Invoked RoslynAnalysisRunner static constructor.
RoslynAnalysisRunner will not be running.
RoslynAnalysisRunner has terminated.
Mono: successfully reloaded assembly
- Completed reload, in  1.389 seconds
Platform modules already initialized, skipping
Refreshing native plugins compatible for Editor in 0.27 ms, found 1 plugins.
Preloading 0 native plugins for Editor in 0.00 ms.
Unloading 1114 Unused Serialized files (Serialized files now loaded: 0)
System memory in use before: 138.1 MB.
System memory in use after: 138.2 MB.

Unloading 5 unused Assets to reduce memory usage. Loaded Objects now: 1709.
Total: 3.395325 ms (FindLiveObjects: 0.663290 ms CreateObjectMapping: 0.095107 ms MarkObjects: 2.528552 ms  DeleteObjects: 0.105856 ms)

