Using pre-set license

 COMMAND LINE ARGUMENTS:
/Applications/Unity/Hub/Editor/2020.3.3f1/Unity.app/Contents/MacOS/Unity
-adb2
-batchMode
-noUpm
-name
AssetImportWorker0
-projectPath
/Users/danielmolina/Portal Scene
-logFile
Logs/AssetImportWorker0.log
-srvPort
55728
Successfully changed project path to: /Users/danielmolina/Portal Scene
/Users/danielmolina/Portal Scene
Using Asset Import Pipeline V2.
Refreshing native plugins compatible for Editor in 32.96 ms, found 1 plugins.
Preloading 0 native plugins for Editor in 0.00 ms.
Initialize engine version: 2020.3.3f1 (76626098c1c4)
[Subsystems] Discovering subsystems at path /Applications/Unity/Hub/Editor/2020.3.3f1/Unity.app/Contents/Resources/UnitySubsystems
[Subsystems] Discovering subsystems at path /Users/danielmolina/Portal Scene/Assets
GfxDevice: creating device client; threaded=0
2021-04-17 17:14:14.739 Unity[5497:158209] P24h-10 preferred device: Intel(R) Iris(TM) Plus Graphics 640 (low power)
2021-04-17 17:14:14.739 Unity[5497:158209] Metal devices available: 1
2021-04-17 17:14:14.739 Unity[5497:158209] 0: Intel(R) Iris(TM) Plus Graphics 640 (low power)
2021-04-17 17:14:14.739 Unity[5497:158209] Using device Intel(R) Iris(TM) Plus Graphics 640 (low power)
Initializing Metal device caps: Intel(R) Iris(TM) Plus Graphics 640
Initialize mono
Mono path[0] = '/Applications/Unity/Hub/Editor/2020.3.3f1/Unity.app/Contents/Managed'
Mono path[1] = '/Applications/Unity/Hub/Editor/2020.3.3f1/Unity.app/Contents/MonoBleedingEdge/lib/mono/unityjit'
Mono config path = '/Applications/Unity/Hub/Editor/2020.3.3f1/Unity.app/Contents/MonoBleedingEdge/etc'
Using monoOptions --debugger-agent=transport=dt_socket,embedding=1,server=y,suspend=n,address=127.0.0.1:56497
Begin MonoManager ReloadAssembly
Registering precompiled unity dll's ...
Register platform support module: /Applications/Unity/Hub/Editor/2020.3.3f1/Unity.app/Contents/PlaybackEngines/MacStandaloneSupport/UnityEditor.OSXStandalone.Extensions.dll
Register platform support module: /Applications/Unity/Hub/Editor/2020.3.3f1/PlaybackEngines/WindowsStandaloneSupport/UnityEditor.WindowsStandalone.Extensions.dll
Registered in 0.004707 seconds.
Native extension for WindowsStandalone target not found
Native extension for OSXStandalone target not found
Refreshing native plugins compatible for Editor in 25.67 ms, found 1 plugins.
Preloading 0 native plugins for Editor in 0.00 ms.
Invoked RoslynAnalysisRunner static constructor.
RoslynAnalysisRunner will not be running.
RoslynAnalysisRunner has terminated.
Mono: successfully reloaded assembly
- Completed reload, in  2.741 seconds
Platform modules already initialized, skipping
Registering precompiled user dll's ...
Registered in 0.001045 seconds.
Begin MonoManager ReloadAssembly
Native extension for WindowsStandalone target not found
Native extension for OSXStandalone target not found
Refreshing native plugins compatible for Editor in 0.23 ms, found 1 plugins.
Preloading 0 native plugins for Editor in 0.00 ms.
Invoked RoslynAnalysisRunner static constructor.
RoslynAnalysisRunner will not be running.
RoslynAnalysisRunner has terminated.
Mono: successfully reloaded assembly
- Completed reload, in  1.174 seconds
Platform modules already initialized, skipping
========================================================================
Worker process is ready to serve import requests
Launching external process: /Applications/Unity/Hub/Editor/2020.3.3f1/Unity.app/Contents/Tools/UnityShaderCompiler
Launched and connected shader compiler UnityShaderCompiler after 0.02 seconds
Refreshing native plugins compatible for Editor in 0.28 ms, found 1 plugins.
Preloading 0 native plugins for Editor in 0.00 ms.
Unloading 1117 Unused Serialized files (Serialized files now loaded: 0)
System memory in use before: 110.7 MB.
System memory in use after: 110.7 MB.

Unloading 10 unused Assets to reduce memory usage. Loaded Objects now: 1563.
Total: 3.236707 ms (FindLiveObjects: 0.364423 ms CreateObjectMapping: 0.098579 ms MarkObjects: 2.655674 ms  DeleteObjects: 0.116099 ms)

========================================================================
Received Import Request.
  path: Assets/Scripts/player.cs
  artifactKey: Guid(2740b341bdcd54046ba56a2a0abc0492) Importer(815301076,1909f56bfc062723c751e8b465ee728b)
Start importing Assets/Scripts/player.cs using Guid(2740b341bdcd54046ba56a2a0abc0492) Importer(815301076,1909f56bfc062723c751e8b465ee728b)  -> (artifact id: '2a8222971d5b3f12d663668fb2d6e6e9') in 0.926738 seconds
  Import took 0.930968 seconds .

========================================================================
Received Import Request.
  Time since last request: 63.732588 seconds.
  path: ProjectSettings/TagManager.asset
  artifactKey: Guid(00000000000000003000000000000000) Importer(815301076,1909f56bfc062723c751e8b465ee728b)
Start importing ProjectSettings/TagManager.asset using Guid(00000000000000003000000000000000) Importer(815301076,1909f56bfc062723c751e8b465ee728b)  -> (artifact id: '9274ce4079a5137dd04f6e6c4d809583') in 1.750069 seconds
  Import took 1.769250 seconds .

========================================================================
Received Import Request.
  Time since last request: 16.947187 seconds.
  path: Assets/Prefab/Plane.prefab
  artifactKey: Guid(43bf3fd0206d9454693eef852293e593) Importer(815301076,1909f56bfc062723c751e8b465ee728b)
Start importing Assets/Prefab/Plane.prefab using Guid(43bf3fd0206d9454693eef852293e593) Importer(815301076,1909f56bfc062723c751e8b465ee728b)  -> (artifact id: '74bba269afebd9e9d452ccf3184c6a77') in 0.740057 seconds
  Import took 0.743165 seconds .

========================================================================
Received Prepare
Registering precompiled user dll's ...
Registered in 0.000456 seconds.
Begin MonoManager ReloadAssembly
Native extension for WindowsStandalone target not found
Native extension for OSXStandalone target not found
Refreshing native plugins compatible for Editor in 1.13 ms, found 1 plugins.
Preloading 0 native plugins for Editor in 0.00 ms.
Invoked RoslynAnalysisRunner static constructor.
RoslynAnalysisRunner will not be running.
RoslynAnalysisRunner has terminated.
Mono: successfully reloaded assembly
- Completed reload, in  2.406 seconds
Platform modules already initialized, skipping
Refreshing native plugins compatible for Editor in 0.52 ms, found 1 plugins.
Preloading 0 native plugins for Editor in 0.00 ms.
Unloading 1112 Unused Serialized files (Serialized files now loaded: 0)
System memory in use before: 127.2 MB.
System memory in use after: 127.2 MB.

Unloading 7 unused Assets to reduce memory usage. Loaded Objects now: 1574.
Total: 3.305268 ms (FindLiveObjects: 0.314204 ms CreateObjectMapping: 0.081904 ms MarkObjects: 2.689006 ms  DeleteObjects: 0.217372 ms)

========================================================================
Received Prepare
Registering precompiled user dll's ...
Registered in 0.006441 seconds.
Begin MonoManager ReloadAssembly
Native extension for WindowsStandalone target not found
Native extension for OSXStandalone target not found
Refreshing native plugins compatible for Editor in 0.25 ms, found 1 plugins.
Preloading 0 native plugins for Editor in 0.00 ms.
Invoked RoslynAnalysisRunner static constructor.
RoslynAnalysisRunner will not be running.
RoslynAnalysisRunner has terminated.
Mono: successfully reloaded assembly
- Completed reload, in  1.300 seconds
Platform modules already initialized, skipping
Refreshing native plugins compatible for Editor in 0.25 ms, found 1 plugins.
Preloading 0 native plugins for Editor in 0.00 ms.
Unloading 1112 Unused Serialized files (Serialized files now loaded: 0)
System memory in use before: 127.3 MB.
System memory in use after: 127.4 MB.

Unloading 5 unused Assets to reduce memory usage. Loaded Objects now: 1577.
Total: 2.659254 ms (FindLiveObjects: 0.266145 ms CreateObjectMapping: 0.048046 ms MarkObjects: 2.216536 ms  DeleteObjects: 0.127066 ms)

========================================================================
Received Prepare
Registering precompiled user dll's ...
Registered in 0.000845 seconds.
Begin MonoManager ReloadAssembly
Native extension for WindowsStandalone target not found
Native extension for OSXStandalone target not found
Refreshing native plugins compatible for Editor in 0.36 ms, found 1 plugins.
Preloading 0 native plugins for Editor in 0.00 ms.
Invoked RoslynAnalysisRunner static constructor.
RoslynAnalysisRunner will not be running.
RoslynAnalysisRunner has terminated.
Mono: successfully reloaded assembly
- Completed reload, in  1.367 seconds
Platform modules already initialized, skipping
Refreshing native plugins compatible for Editor in 0.24 ms, found 1 plugins.
Preloading 0 native plugins for Editor in 0.00 ms.
Unloading 1112 Unused Serialized files (Serialized files now loaded: 0)
System memory in use before: 127.6 MB.
System memory in use after: 127.6 MB.

Unloading 5 unused Assets to reduce memory usage. Loaded Objects now: 1580.
Total: 3.200168 ms (FindLiveObjects: 0.364298 ms CreateObjectMapping: 0.091766 ms MarkObjects: 2.618360 ms  DeleteObjects: 0.123431 ms)

========================================================================
Received Prepare
Registering precompiled user dll's ...
Registered in 0.000693 seconds.
Begin MonoManager ReloadAssembly
Native extension for WindowsStandalone target not found
Native extension for OSXStandalone target not found
Refreshing native plugins compatible for Editor in 0.23 ms, found 1 plugins.
Preloading 0 native plugins for Editor in 0.00 ms.
Invoked RoslynAnalysisRunner static constructor.
RoslynAnalysisRunner will not be running.
RoslynAnalysisRunner has terminated.
Mono: successfully reloaded assembly
- Completed reload, in  1.353 seconds
Platform modules already initialized, skipping
Refreshing native plugins compatible for Editor in 0.26 ms, found 1 plugins.
Preloading 0 native plugins for Editor in 0.00 ms.
Unloading 1112 Unused Serialized files (Serialized files now loaded: 0)
System memory in use before: 127.8 MB.
System memory in use after: 127.8 MB.

Unloading 5 unused Assets to reduce memory usage. Loaded Objects now: 1583.
Total: 1.795258 ms (FindLiveObjects: 0.287498 ms CreateObjectMapping: 0.049389 ms MarkObjects: 1.389495 ms  DeleteObjects: 0.067682 ms)

========================================================================
Received Prepare
Registering precompiled user dll's ...
Registered in 0.010136 seconds.
Begin MonoManager ReloadAssembly
Native extension for WindowsStandalone target not found
Native extension for OSXStandalone target not found
Refreshing native plugins compatible for Editor in 0.23 ms, found 1 plugins.
Preloading 0 native plugins for Editor in 0.00 ms.
Invoked RoslynAnalysisRunner static constructor.
RoslynAnalysisRunner will not be running.
RoslynAnalysisRunner has terminated.
Mono: successfully reloaded assembly
- Completed reload, in  1.255 seconds
Platform modules already initialized, skipping
Refreshing native plugins compatible for Editor in 0.29 ms, found 1 plugins.
Preloading 0 native plugins for Editor in 0.00 ms.
Unloading 1112 Unused Serialized files (Serialized files now loaded: 0)
System memory in use before: 128.0 MB.
System memory in use after: 128.1 MB.

Unloading 5 unused Assets to reduce memory usage. Loaded Objects now: 1586.
Total: 5.056778 ms (FindLiveObjects: 0.369568 ms CreateObjectMapping: 0.048023 ms MarkObjects: 4.536079 ms  DeleteObjects: 0.100352 ms)

========================================================================
Received Prepare
Registering precompiled user dll's ...
Registered in 0.000396 seconds.
Begin MonoManager ReloadAssembly
Native extension for WindowsStandalone target not found
Native extension for OSXStandalone target not found
Refreshing native plugins compatible for Editor in 0.23 ms, found 1 plugins.
Preloading 0 native plugins for Editor in 0.00 ms.
Invoked RoslynAnalysisRunner static constructor.
RoslynAnalysisRunner will not be running.
RoslynAnalysisRunner has terminated.
Mono: successfully reloaded assembly
- Completed reload, in  1.406 seconds
Platform modules already initialized, skipping
Refreshing native plugins compatible for Editor in 0.66 ms, found 1 plugins.
Preloading 0 native plugins for Editor in 0.00 ms.
Unloading 1112 Unused Serialized files (Serialized files now loaded: 0)
System memory in use before: 128.1 MB.
System memory in use after: 128.2 MB.

Unloading 5 unused Assets to reduce memory usage. Loaded Objects now: 1589.
Total: 3.631604 ms (FindLiveObjects: 0.315175 ms CreateObjectMapping: 0.246383 ms MarkObjects: 2.991823 ms  DeleteObjects: 0.076411 ms)

========================================================================
Received Prepare
Registering precompiled user dll's ...
Registered in 0.002389 seconds.
Begin MonoManager ReloadAssembly
Native extension for WindowsStandalone target not found
Native extension for OSXStandalone target not found
Refreshing native plugins compatible for Editor in 0.26 ms, found 1 plugins.
Preloading 0 native plugins for Editor in 0.00 ms.
Invoked RoslynAnalysisRunner static constructor.
RoslynAnalysisRunner will not be running.
RoslynAnalysisRunner has terminated.
Mono: successfully reloaded assembly
- Completed reload, in  1.366 seconds
Platform modules already initialized, skipping
Refreshing native plugins compatible for Editor in 0.27 ms, found 1 plugins.
Preloading 0 native plugins for Editor in 0.00 ms.
Unloading 1112 Unused Serialized files (Serialized files now loaded: 0)
System memory in use before: 128.3 MB.
System memory in use after: 128.4 MB.

Unloading 5 unused Assets to reduce memory usage. Loaded Objects now: 1592.
Total: 2.453470 ms (FindLiveObjects: 0.464597 ms CreateObjectMapping: 0.098941 ms MarkObjects: 1.791258 ms  DeleteObjects: 0.096634 ms)

========================================================================
Received Import Request.
  Time since last request: 1485.353773 seconds.
  path: Assets/Prefab/Plane.prefab
  artifactKey: Guid(43bf3fd0206d9454693eef852293e593) Importer(815301076,1909f56bfc062723c751e8b465ee728b)
Start importing Assets/Prefab/Plane.prefab using Guid(43bf3fd0206d9454693eef852293e593) Importer(815301076,1909f56bfc062723c751e8b465ee728b)  -> (artifact id: '1975f7d30091a98e58b6a7788fb68b0d') in 0.125653 seconds
  Import took 0.130544 seconds .

========================================================================
Received Import Request.
  Time since last request: 15.439773 seconds.
  path: Assets/Prefab/Plane.prefab
  artifactKey: Guid(43bf3fd0206d9454693eef852293e593) Importer(815301076,1909f56bfc062723c751e8b465ee728b)
Start importing Assets/Prefab/Plane.prefab using Guid(43bf3fd0206d9454693eef852293e593) Importer(815301076,1909f56bfc062723c751e8b465ee728b)  -> (artifact id: '3d4a605b242bcac84d755da0fab4e4c8') in 0.018420 seconds
  Import took 0.021468 seconds .

========================================================================
Received Import Request.
  Time since last request: 0.432565 seconds.
  path: Assets/Prefab/Plane.prefab
  artifactKey: Guid(43bf3fd0206d9454693eef852293e593) Importer(815301076,1909f56bfc062723c751e8b465ee728b)
Start importing Assets/Prefab/Plane.prefab using Guid(43bf3fd0206d9454693eef852293e593) Importer(815301076,1909f56bfc062723c751e8b465ee728b)  -> (artifact id: '106e08d74ef90578ff5da0772770b662') in 0.018013 seconds
  Import took 0.023223 seconds .

========================================================================
Received Import Request.
  Time since last request: 0.658642 seconds.
  path: Assets/Prefab/Plane.prefab
  artifactKey: Guid(43bf3fd0206d9454693eef852293e593) Importer(815301076,1909f56bfc062723c751e8b465ee728b)
Start importing Assets/Prefab/Plane.prefab using Guid(43bf3fd0206d9454693eef852293e593) Importer(815301076,1909f56bfc062723c751e8b465ee728b)  -> (artifact id: 'ce6d0f861d3527c7950573f2e83b50b5') in 0.018648 seconds
  Import took 0.022843 seconds .

========================================================================
Received Import Request.
  Time since last request: 0.000410 seconds.
  path: Assets/Prefab/Plane.prefab
  artifactKey: Guid(43bf3fd0206d9454693eef852293e593) Importer(815301076,1909f56bfc062723c751e8b465ee728b)
Start importing Assets/Prefab/Plane.prefab using Guid(43bf3fd0206d9454693eef852293e593) Importer(815301076,1909f56bfc062723c751e8b465ee728b)  -> (artifact id: 'ce6d0f861d3527c7950573f2e83b50b5') in 0.012456 seconds
  Import took 0.018318 seconds .

========================================================================
Received Import Request.
  Time since last request: 0.380239 seconds.
  path: Assets/Prefab/Plane.prefab
  artifactKey: Guid(43bf3fd0206d9454693eef852293e593) Importer(815301076,1909f56bfc062723c751e8b465ee728b)
Start importing Assets/Prefab/Plane.prefab using Guid(43bf3fd0206d9454693eef852293e593) Importer(815301076,1909f56bfc062723c751e8b465ee728b)  -> (artifact id: '9d6b8a0e7faaa6c51ab0034e0c005615') in 0.016697 seconds
  Import took 0.021644 seconds .

========================================================================
Received Import Request.
  Time since last request: 0.609229 seconds.
  path: Assets/Prefab/Plane.prefab
  artifactKey: Guid(43bf3fd0206d9454693eef852293e593) Importer(815301076,1909f56bfc062723c751e8b465ee728b)
Start importing Assets/Prefab/Plane.prefab using Guid(43bf3fd0206d9454693eef852293e593) Importer(815301076,1909f56bfc062723c751e8b465ee728b)  -> (artifact id: 'd57127ea869fdd6d68aeca5c1d8dbaa2') in 0.021266 seconds
  Import took 0.025156 seconds .

========================================================================
Received Import Request.
  Time since last request: 0.451128 seconds.
  path: Assets/Prefab/Plane.prefab
  artifactKey: Guid(43bf3fd0206d9454693eef852293e593) Importer(815301076,1909f56bfc062723c751e8b465ee728b)
Start importing Assets/Prefab/Plane.prefab using Guid(43bf3fd0206d9454693eef852293e593) Importer(815301076,1909f56bfc062723c751e8b465ee728b)  -> (artifact id: '28bcf88b4f30ac8d95788c9afe5a49e6') in 0.016381 seconds
  Import took 0.019891 seconds .

========================================================================
Received Import Request.
  Time since last request: 3.282891 seconds.
  path: Assets/Prefab/Plane.prefab
  artifactKey: Guid(43bf3fd0206d9454693eef852293e593) Importer(815301076,1909f56bfc062723c751e8b465ee728b)
Start importing Assets/Prefab/Plane.prefab using Guid(43bf3fd0206d9454693eef852293e593) Importer(815301076,1909f56bfc062723c751e8b465ee728b)  -> (artifact id: '7908f8a0ee272de95a7fa99c2c5e4e9d') in 0.029537 seconds
  Import took 0.032597 seconds .

========================================================================
Received Prepare
Registering precompiled user dll's ...
Registered in 0.002841 seconds.
Begin MonoManager ReloadAssembly
Native extension for WindowsStandalone target not found
Native extension for OSXStandalone target not found
Refreshing native plugins compatible for Editor in 0.24 ms, found 1 plugins.
Preloading 0 native plugins for Editor in 0.00 ms.
Invoked RoslynAnalysisRunner static constructor.
RoslynAnalysisRunner will not be running.
RoslynAnalysisRunner has terminated.
Mono: successfully reloaded assembly
- Completed reload, in  1.223 seconds
Platform modules already initialized, skipping
Refreshing native plugins compatible for Editor in 0.35 ms, found 1 plugins.
Preloading 0 native plugins for Editor in 0.00 ms.
Unloading 1112 Unused Serialized files (Serialized files now loaded: 0)
System memory in use before: 128.7 MB.
System memory in use after: 128.7 MB.

Unloading 6 unused Assets to reduce memory usage. Loaded Objects now: 1596.
Total: 1.870165 ms (FindLiveObjects: 0.204076 ms CreateObjectMapping: 0.035679 ms MarkObjects: 1.540045 ms  DeleteObjects: 0.079062 ms)

========================================================================
Received Import Request.
  Time since last request: 62.090394 seconds.
  path: Assets/Prefab/Plane.prefab
  artifactKey: Guid(43bf3fd0206d9454693eef852293e593) Importer(815301076,1909f56bfc062723c751e8b465ee728b)
Start importing Assets/Prefab/Plane.prefab using Guid(43bf3fd0206d9454693eef852293e593) Importer(815301076,1909f56bfc062723c751e8b465ee728b)  -> (artifact id: '60be13d1f4bbf9c561a8a04869d59681') in 0.097545 seconds
  Import took 0.101244 seconds .

========================================================================
Received Import Request.
  Time since last request: 1.791818 seconds.
  path: Assets/Prefab/Plane.prefab
  artifactKey: Guid(43bf3fd0206d9454693eef852293e593) Importer(815301076,1909f56bfc062723c751e8b465ee728b)
Start importing Assets/Prefab/Plane.prefab using Guid(43bf3fd0206d9454693eef852293e593) Importer(815301076,1909f56bfc062723c751e8b465ee728b)  -> (artifact id: '60be13d1f4bbf9c561a8a04869d59681') in 0.009148 seconds
  Import took 0.011623 seconds .

========================================================================
Received Prepare
Registering precompiled user dll's ...
Registered in 0.000546 seconds.
Begin MonoManager ReloadAssembly
Native extension for WindowsStandalone target not found
Native extension for OSXStandalone target not found
Refreshing native plugins compatible for Editor in 0.24 ms, found 1 plugins.
Preloading 0 native plugins for Editor in 0.00 ms.
Invoked RoslynAnalysisRunner static constructor.
RoslynAnalysisRunner will not be running.
RoslynAnalysisRunner has terminated.
Mono: successfully reloaded assembly
- Completed reload, in  1.332 seconds
Platform modules already initialized, skipping
Refreshing native plugins compatible for Editor in 0.22 ms, found 1 plugins.
Preloading 0 native plugins for Editor in 0.00 ms.
Unloading 1112 Unused Serialized files (Serialized files now loaded: 0)
System memory in use before: 129.0 MB.
System memory in use after: 129.0 MB.

Unloading 6 unused Assets to reduce memory usage. Loaded Objects now: 1600.
Total: 1.716157 ms (FindLiveObjects: 0.236813 ms CreateObjectMapping: 0.041282 ms MarkObjects: 1.369698 ms  DeleteObjects: 0.066880 ms)

========================================================================
Received Prepare
Registering precompiled user dll's ...
Registered in 0.000465 seconds.
Begin MonoManager ReloadAssembly
Native extension for WindowsStandalone target not found
Native extension for OSXStandalone target not found
Refreshing native plugins compatible for Editor in 0.23 ms, found 1 plugins.
Preloading 0 native plugins for Editor in 0.00 ms.
Invoked RoslynAnalysisRunner static constructor.
RoslynAnalysisRunner will not be running.
RoslynAnalysisRunner has terminated.
Mono: successfully reloaded assembly
- Completed reload, in  1.116 seconds
Platform modules already initialized, skipping
Refreshing native plugins compatible for Editor in 0.23 ms, found 1 plugins.
Preloading 0 native plugins for Editor in 0.00 ms.
Unloading 1112 Unused Serialized files (Serialized files now loaded: 0)
System memory in use before: 129.1 MB.
System memory in use after: 129.1 MB.

Unloading 5 unused Assets to reduce memory usage. Loaded Objects now: 1603.
Total: 2.473121 ms (FindLiveObjects: 0.217553 ms CreateObjectMapping: 0.070688 ms MarkObjects: 2.071924 ms  DeleteObjects: 0.110796 ms)

========================================================================
Received Import Request.
  Time since last request: 62.741252 seconds.
  path: Assets/Prefab/Plane.prefab
  artifactKey: Guid(43bf3fd0206d9454693eef852293e593) Importer(815301076,1909f56bfc062723c751e8b465ee728b)
Start importing Assets/Prefab/Plane.prefab using Guid(43bf3fd0206d9454693eef852293e593) Importer(815301076,1909f56bfc062723c751e8b465ee728b)  -> (artifact id: '0d1330228cc2666b0d240e600a7955e3') in 0.136199 seconds
  Import took 0.140568 seconds .

========================================================================
Received Prepare
Registering precompiled user dll's ...
Registered in 0.001451 seconds.
Begin MonoManager ReloadAssembly
Native extension for WindowsStandalone target not found
Native extension for OSXStandalone target not found
Refreshing native plugins compatible for Editor in 0.32 ms, found 1 plugins.
Preloading 0 native plugins for Editor in 0.00 ms.
Invoked RoslynAnalysisRunner static constructor.
RoslynAnalysisRunner will not be running.
RoslynAnalysisRunner has terminated.
Mono: successfully reloaded assembly
- Completed reload, in  1.309 seconds
Platform modules already initialized, skipping
Refreshing native plugins compatible for Editor in 0.25 ms, found 1 plugins.
Preloading 0 native plugins for Editor in 0.00 ms.
Unloading 1112 Unused Serialized files (Serialized files now loaded: 0)
System memory in use before: 129.4 MB.
System memory in use after: 129.4 MB.

Unloading 6 unused Assets to reduce memory usage. Loaded Objects now: 1607.
Total: 2.382353 ms (FindLiveObjects: 0.325601 ms CreateObjectMapping: 0.059511 ms MarkObjects: 1.883856 ms  DeleteObjects: 0.109920 ms)

========================================================================
Received Prepare
Registering precompiled user dll's ...
Registered in 0.001069 seconds.
Begin MonoManager ReloadAssembly
Native extension for WindowsStandalone target not found
Native extension for OSXStandalone target not found
Refreshing native plugins compatible for Editor in 0.36 ms, found 1 plugins.
Preloading 0 native plugins for Editor in 0.00 ms.
Invoked RoslynAnalysisRunner static constructor.
RoslynAnalysisRunner will not be running.
RoslynAnalysisRunner has terminated.
Mono: successfully reloaded assembly
- Completed reload, in  1.407 seconds
Platform modules already initialized, skipping
Refreshing native plugins compatible for Editor in 0.29 ms, found 1 plugins.
Preloading 0 native plugins for Editor in 0.00 ms.
Unloading 1112 Unused Serialized files (Serialized files now loaded: 0)
System memory in use before: 129.5 MB.
System memory in use after: 129.6 MB.

Unloading 5 unused Assets to reduce memory usage. Loaded Objects now: 1610.
Total: 2.105416 ms (FindLiveObjects: 0.245653 ms CreateObjectMapping: 0.042862 ms MarkObjects: 1.654820 ms  DeleteObjects: 0.160526 ms)

========================================================================
Received Prepare
Registering precompiled user dll's ...
Registered in 0.001947 seconds.
Begin MonoManager ReloadAssembly
Native extension for WindowsStandalone target not found
Native extension for OSXStandalone target not found
Refreshing native plugins compatible for Editor in 0.60 ms, found 1 plugins.
Preloading 0 native plugins for Editor in 0.00 ms.
Invoked RoslynAnalysisRunner static constructor.
RoslynAnalysisRunner will not be running.
RoslynAnalysisRunner has terminated.
Mono: successfully reloaded assembly
- Completed reload, in  1.660 seconds
Platform modules already initialized, skipping
Refreshing native plugins compatible for Editor in 0.26 ms, found 1 plugins.
Preloading 0 native plugins for Editor in 0.00 ms.
Unloading 1112 Unused Serialized files (Serialized files now loaded: 0)
System memory in use before: 129.7 MB.
System memory in use after: 129.7 MB.

Unloading 5 unused Assets to reduce memory usage. Loaded Objects now: 1613.
Total: 3.009599 ms (FindLiveObjects: 0.606874 ms CreateObjectMapping: 0.112769 ms MarkObjects: 2.169039 ms  DeleteObjects: 0.118068 ms)

========================================================================
Received Prepare
Registering precompiled user dll's ...
Registered in 0.003818 seconds.
Begin MonoManager ReloadAssembly
Native extension for WindowsStandalone target not found
Native extension for OSXStandalone target not found
Refreshing native plugins compatible for Editor in 0.27 ms, found 1 plugins.
Preloading 0 native plugins for Editor in 0.00 ms.
Invoked RoslynAnalysisRunner static constructor.
RoslynAnalysisRunner will not be running.
RoslynAnalysisRunner has terminated.
Mono: successfully reloaded assembly
- Completed reload, in  3.255 seconds
Platform modules already initialized, skipping
Refreshing native plugins compatible for Editor in 1.74 ms, found 1 plugins.
Preloading 0 native plugins for Editor in 0.00 ms.
Unloading 1112 Unused Serialized files (Serialized files now loaded: 0)
System memory in use before: 129.9 MB.
System memory in use after: 129.9 MB.

Unloading 5 unused Assets to reduce memory usage. Loaded Objects now: 1616.
Total: 4.357688 ms (FindLiveObjects: 0.990225 ms CreateObjectMapping: 0.223957 ms MarkObjects: 3.014836 ms  DeleteObjects: 0.126665 ms)

========================================================================
Received Prepare
Registering precompiled user dll's ...
Registered in 0.004126 seconds.
Begin MonoManager ReloadAssembly
Native extension for WindowsStandalone target not found
Native extension for OSXStandalone target not found
Refreshing native plugins compatible for Editor in 0.42 ms, found 1 plugins.
Preloading 0 native plugins for Editor in 0.00 ms.
Invoked RoslynAnalysisRunner static constructor.
RoslynAnalysisRunner will not be running.
RoslynAnalysisRunner has terminated.
Mono: successfully reloaded assembly
- Completed reload, in  1.501 seconds
Platform modules already initialized, skipping
Refreshing native plugins compatible for Editor in 0.25 ms, found 1 plugins.
Preloading 0 native plugins for Editor in 0.00 ms.
Unloading 1112 Unused Serialized files (Serialized files now loaded: 0)
System memory in use before: 130.1 MB.
System memory in use after: 130.2 MB.

Unloading 5 unused Assets to reduce memory usage. Loaded Objects now: 1619.
Total: 2.707672 ms (FindLiveObjects: 0.353229 ms CreateObjectMapping: 0.091950 ms MarkObjects: 2.171178 ms  DeleteObjects: 0.089711 ms)

========================================================================
Received Import Request.
  Time since last request: 10277.370158 seconds.
  path: Assets/Scripts/cameraMovement.cs
  artifactKey: Guid(938aba3eb383e4c1b89b41dd1a797d88) Importer(815301076,1909f56bfc062723c751e8b465ee728b)
Start importing Assets/Scripts/cameraMovement.cs using Guid(938aba3eb383e4c1b89b41dd1a797d88) Importer(815301076,1909f56bfc062723c751e8b465ee728b)  -> (artifact id: '99071cace707980cd7f005b7f7d1dcad') in 0.035249 seconds
  Import took 0.038024 seconds .

========================================================================
Received Prepare
Registering precompiled user dll's ...
Registered in 0.003792 seconds.
Begin MonoManager ReloadAssembly
Native extension for WindowsStandalone target not found
Native extension for OSXStandalone target not found
Refreshing native plugins compatible for Editor in 0.33 ms, found 1 plugins.
Preloading 0 native plugins for Editor in 0.00 ms.
Invoked RoslynAnalysisRunner static constructor.
RoslynAnalysisRunner will not be running.
RoslynAnalysisRunner has terminated.
Mono: successfully reloaded assembly
- Completed reload, in  1.423 seconds
Platform modules already initialized, skipping
Refreshing native plugins compatible for Editor in 0.40 ms, found 1 plugins.
Preloading 0 native plugins for Editor in 0.00 ms.
Unloading 1112 Unused Serialized files (Serialized files now loaded: 0)
System memory in use before: 130.3 MB.
System memory in use after: 130.3 MB.

Unloading 5 unused Assets to reduce memory usage. Loaded Objects now: 1622.
Total: 1.835481 ms (FindLiveObjects: 0.257074 ms CreateObjectMapping: 0.038818 ms MarkObjects: 1.448847 ms  DeleteObjects: 0.089190 ms)

========================================================================
Received Prepare
Registering precompiled user dll's ...
Registered in 0.000904 seconds.
Begin MonoManager ReloadAssembly
Native extension for WindowsStandalone target not found
Native extension for OSXStandalone target not found
Refreshing native plugins compatible for Editor in 0.23 ms, found 1 plugins.
Preloading 0 native plugins for Editor in 0.00 ms.
Invoked RoslynAnalysisRunner static constructor.
RoslynAnalysisRunner will not be running.
RoslynAnalysisRunner has terminated.
Mono: successfully reloaded assembly
- Completed reload, in  1.412 seconds
Platform modules already initialized, skipping
Refreshing native plugins compatible for Editor in 0.25 ms, found 1 plugins.
Preloading 0 native plugins for Editor in 0.00 ms.
Unloading 1112 Unused Serialized files (Serialized files now loaded: 0)
System memory in use before: 130.4 MB.
System memory in use after: 130.5 MB.

Unloading 5 unused Assets to reduce memory usage. Loaded Objects now: 1625.
Total: 3.330172 ms (FindLiveObjects: 0.335462 ms CreateObjectMapping: 0.060440 ms MarkObjects: 2.724798 ms  DeleteObjects: 0.205729 ms)

========================================================================
Received Prepare
Registering precompiled user dll's ...
Registered in 0.000571 seconds.
Begin MonoManager ReloadAssembly
Native extension for WindowsStandalone target not found
Native extension for OSXStandalone target not found
Refreshing native plugins compatible for Editor in 0.34 ms, found 1 plugins.
Preloading 0 native plugins for Editor in 0.00 ms.
Invoked RoslynAnalysisRunner static constructor.
RoslynAnalysisRunner will not be running.
RoslynAnalysisRunner has terminated.
Mono: successfully reloaded assembly
- Completed reload, in  1.494 seconds
Platform modules already initialized, skipping
Refreshing native plugins compatible for Editor in 0.22 ms, found 1 plugins.
Preloading 0 native plugins for Editor in 0.00 ms.
Unloading 1112 Unused Serialized files (Serialized files now loaded: 0)
System memory in use before: 130.6 MB.
System memory in use after: 130.6 MB.

Unloading 5 unused Assets to reduce memory usage. Loaded Objects now: 1628.
Total: 2.350755 ms (FindLiveObjects: 0.281711 ms CreateObjectMapping: 0.062304 ms MarkObjects: 1.935369 ms  DeleteObjects: 0.069029 ms)

========================================================================
Received Prepare
Registering precompiled user dll's ...
Registered in 0.001323 seconds.
Begin MonoManager ReloadAssembly
Native extension for WindowsStandalone target not found
Native extension for OSXStandalone target not found
Refreshing native plugins compatible for Editor in 0.24 ms, found 1 plugins.
Preloading 0 native plugins for Editor in 0.00 ms.
Invoked RoslynAnalysisRunner static constructor.
RoslynAnalysisRunner will not be running.
RoslynAnalysisRunner has terminated.
Mono: successfully reloaded assembly
- Completed reload, in  1.225 seconds
Platform modules already initialized, skipping
Refreshing native plugins compatible for Editor in 0.23 ms, found 1 plugins.
Preloading 0 native plugins for Editor in 0.00 ms.
Unloading 1112 Unused Serialized files (Serialized files now loaded: 0)
System memory in use before: 130.8 MB.
System memory in use after: 130.9 MB.

Unloading 5 unused Assets to reduce memory usage. Loaded Objects now: 1631.
Total: 2.230638 ms (FindLiveObjects: 0.360299 ms CreateObjectMapping: 0.058139 ms MarkObjects: 1.735728 ms  DeleteObjects: 0.074880 ms)

========================================================================
Received Prepare
Registering precompiled user dll's ...
Registered in 0.001048 seconds.
Begin MonoManager ReloadAssembly
Native extension for WindowsStandalone target not found
Native extension for OSXStandalone target not found
Refreshing native plugins compatible for Editor in 0.26 ms, found 1 plugins.
Preloading 0 native plugins for Editor in 0.00 ms.
Invoked RoslynAnalysisRunner static constructor.
RoslynAnalysisRunner will not be running.
RoslynAnalysisRunner has terminated.
Mono: successfully reloaded assembly
- Completed reload, in  1.487 seconds
Platform modules already initialized, skipping
Refreshing native plugins compatible for Editor in 0.24 ms, found 1 plugins.
Preloading 0 native plugins for Editor in 0.00 ms.
Unloading 1112 Unused Serialized files (Serialized files now loaded: 0)
System memory in use before: 131.0 MB.
System memory in use after: 131.0 MB.

Unloading 5 unused Assets to reduce memory usage. Loaded Objects now: 1634.
Total: 1.948265 ms (FindLiveObjects: 0.325118 ms CreateObjectMapping: 0.073811 ms MarkObjects: 1.468871 ms  DeleteObjects: 0.077595 ms)

========================================================================
Received Prepare
Registering precompiled user dll's ...
Registered in 0.000999 seconds.
Begin MonoManager ReloadAssembly
Native extension for WindowsStandalone target not found
Native extension for OSXStandalone target not found
Refreshing native plugins compatible for Editor in 0.48 ms, found 1 plugins.
Preloading 0 native plugins for Editor in 0.00 ms.
Invoked RoslynAnalysisRunner static constructor.
RoslynAnalysisRunner will not be running.
RoslynAnalysisRunner has terminated.
Mono: successfully reloaded assembly
- Completed reload, in  1.575 seconds
Platform modules already initialized, skipping
Refreshing native plugins compatible for Editor in 0.24 ms, found 1 plugins.
Preloading 0 native plugins for Editor in 0.00 ms.
Unloading 1112 Unused Serialized files (Serialized files now loaded: 0)
System memory in use before: 131.1 MB.
System memory in use after: 131.2 MB.

Unloading 5 unused Assets to reduce memory usage. Loaded Objects now: 1637.
Total: 2.228660 ms (FindLiveObjects: 0.321575 ms CreateObjectMapping: 0.056686 ms MarkObjects: 1.757696 ms  DeleteObjects: 0.091079 ms)

========================================================================
Received Prepare
Registering precompiled user dll's ...
Registered in 0.000452 seconds.
Begin MonoManager ReloadAssembly
Native extension for WindowsStandalone target not found
Native extension for OSXStandalone target not found
Refreshing native plugins compatible for Editor in 0.24 ms, found 1 plugins.
Preloading 0 native plugins for Editor in 0.00 ms.
Invoked RoslynAnalysisRunner static constructor.
RoslynAnalysisRunner will not be running.
RoslynAnalysisRunner has terminated.
Mono: successfully reloaded assembly
- Completed reload, in  1.337 seconds
Platform modules already initialized, skipping
Refreshing native plugins compatible for Editor in 0.29 ms, found 1 plugins.
Preloading 0 native plugins for Editor in 0.00 ms.
Unloading 1112 Unused Serialized files (Serialized files now loaded: 0)
System memory in use before: 131.3 MB.
System memory in use after: 131.4 MB.

Unloading 5 unused Assets to reduce memory usage. Loaded Objects now: 1640.
Total: 2.126330 ms (FindLiveObjects: 0.340870 ms CreateObjectMapping: 0.076421 ms MarkObjects: 1.626810 ms  DeleteObjects: 0.080886 ms)

========================================================================
Received Prepare
Registering precompiled user dll's ...
Registered in 0.000575 seconds.
Begin MonoManager ReloadAssembly
Native extension for WindowsStandalone target not found
Native extension for OSXStandalone target not found
Refreshing native plugins compatible for Editor in 0.28 ms, found 1 plugins.
Preloading 0 native plugins for Editor in 0.00 ms.
Invoked RoslynAnalysisRunner static constructor.
RoslynAnalysisRunner will not be running.
RoslynAnalysisRunner has terminated.
Mono: successfully reloaded assembly
- Completed reload, in  1.222 seconds
Platform modules already initialized, skipping
Refreshing native plugins compatible for Editor in 0.29 ms, found 1 plugins.
Preloading 0 native plugins for Editor in 0.00 ms.
Unloading 1112 Unused Serialized files (Serialized files now loaded: 0)
System memory in use before: 131.5 MB.
System memory in use after: 131.5 MB.

Unloading 5 unused Assets to reduce memory usage. Loaded Objects now: 1643.
Total: 1.859024 ms (FindLiveObjects: 0.211877 ms CreateObjectMapping: 0.038516 ms MarkObjects: 1.547831 ms  DeleteObjects: 0.059403 ms)

========================================================================
Received Prepare
Registering precompiled user dll's ...
Registered in 0.003383 seconds.
Begin MonoManager ReloadAssembly
Native extension for WindowsStandalone target not found
Native extension for OSXStandalone target not found
Refreshing native plugins compatible for Editor in 0.24 ms, found 1 plugins.
Preloading 0 native plugins for Editor in 0.00 ms.
Invoked RoslynAnalysisRunner static constructor.
RoslynAnalysisRunner will not be running.
RoslynAnalysisRunner has terminated.
Mono: successfully reloaded assembly
- Completed reload, in  1.452 seconds
Platform modules already initialized, skipping
Refreshing native plugins compatible for Editor in 0.30 ms, found 1 plugins.
Preloading 0 native plugins for Editor in 0.00 ms.
Unloading 1112 Unused Serialized files (Serialized files now loaded: 0)
System memory in use before: 131.7 MB.
System memory in use after: 131.7 MB.

Unloading 5 unused Assets to reduce memory usage. Loaded Objects now: 1646.
Total: 2.202645 ms (FindLiveObjects: 0.340976 ms CreateObjectMapping: 0.116027 ms MarkObjects: 1.664622 ms  DeleteObjects: 0.079327 ms)

========================================================================
Received Prepare
Registering precompiled user dll's ...
Registered in 0.001289 seconds.
Begin MonoManager ReloadAssembly
Native extension for WindowsStandalone target not found
Native extension for OSXStandalone target not found
Refreshing native plugins compatible for Editor in 0.26 ms, found 1 plugins.
Preloading 0 native plugins for Editor in 0.00 ms.
Invoked RoslynAnalysisRunner static constructor.
RoslynAnalysisRunner will not be running.
RoslynAnalysisRunner has terminated.
Mono: successfully reloaded assembly
- Completed reload, in  1.364 seconds
Platform modules already initialized, skipping
Refreshing native plugins compatible for Editor in 0.39 ms, found 1 plugins.
Preloading 0 native plugins for Editor in 0.00 ms.
Unloading 1112 Unused Serialized files (Serialized files now loaded: 0)
System memory in use before: 131.9 MB.
System memory in use after: 132.0 MB.

Unloading 5 unused Assets to reduce memory usage. Loaded Objects now: 1649.
Total: 2.705811 ms (FindLiveObjects: 0.592354 ms CreateObjectMapping: 0.087248 ms MarkObjects: 1.912438 ms  DeleteObjects: 0.111945 ms)

========================================================================
Received Import Request.
  Time since last request: 2362.980465 seconds.
  path: Assets/Scripts/wallBehavior.cs
  artifactKey: Guid(63da79915f18a404a89bab43df37a6ed) Importer(815301076,1909f56bfc062723c751e8b465ee728b)
Start importing Assets/Scripts/wallBehavior.cs using Guid(63da79915f18a404a89bab43df37a6ed) Importer(815301076,1909f56bfc062723c751e8b465ee728b)  -> (artifact id: 'ba70272f1bbaede4418431e632e64170') in 0.076415 seconds
  Import took 0.128240 seconds .

========================================================================
Received Prepare
Registering precompiled user dll's ...
Registered in 0.000401 seconds.
Begin MonoManager ReloadAssembly
Native extension for WindowsStandalone target not found
Native extension for OSXStandalone target not found
Refreshing native plugins compatible for Editor in 7.76 ms, found 1 plugins.
Preloading 0 native plugins for Editor in 0.00 ms.
Invoked RoslynAnalysisRunner static constructor.
RoslynAnalysisRunner will not be running.
RoslynAnalysisRunner has terminated.
Mono: successfully reloaded assembly
- Completed reload, in  3.251 seconds
Platform modules already initialized, skipping
Refreshing native plugins compatible for Editor in 0.24 ms, found 1 plugins.
Preloading 0 native plugins for Editor in 0.00 ms.
Unloading 1113 Unused Serialized files (Serialized files now loaded: 0)
System memory in use before: 132.1 MB.
System memory in use after: 132.1 MB.

Unloading 5 unused Assets to reduce memory usage. Loaded Objects now: 1653.
Total: 1.883015 ms (FindLiveObjects: 0.272287 ms CreateObjectMapping: 0.041959 ms MarkObjects: 1.475037 ms  DeleteObjects: 0.091594 ms)

========================================================================
Received Import Request.
  Time since last request: 83.178171 seconds.
  path: Assets/Scripts/wallBehavior.cs
  artifactKey: Guid(63da79915f18a404a89bab43df37a6ed) Importer(815301076,1909f56bfc062723c751e8b465ee728b)
Start importing Assets/Scripts/wallBehavior.cs using Guid(63da79915f18a404a89bab43df37a6ed) Importer(815301076,1909f56bfc062723c751e8b465ee728b)  -> (artifact id: '9adc24cbe91ce9602d32f1c355d47534') in 0.010569 seconds
  Import took 0.013860 seconds .

========================================================================
Received Prepare
Registering precompiled user dll's ...
Registered in 0.000376 seconds.
Begin MonoManager ReloadAssembly
Native extension for WindowsStandalone target not found
Native extension for OSXStandalone target not found
Refreshing native plugins compatible for Editor in 0.26 ms, found 1 plugins.
Preloading 0 native plugins for Editor in 0.00 ms.
Invoked RoslynAnalysisRunner static constructor.
RoslynAnalysisRunner will not be running.
RoslynAnalysisRunner has terminated.
Mono: successfully reloaded assembly
- Completed reload, in  1.253 seconds
Platform modules already initialized, skipping
Refreshing native plugins compatible for Editor in 0.31 ms, found 1 plugins.
Preloading 0 native plugins for Editor in 0.00 ms.
Unloading 1113 Unused Serialized files (Serialized files now loaded: 0)
System memory in use before: 132.3 MB.
System memory in use after: 132.3 MB.

Unloading 5 unused Assets to reduce memory usage. Loaded Objects now: 1656.
Total: 1.936298 ms (FindLiveObjects: 0.331858 ms CreateObjectMapping: 0.098514 ms MarkObjects: 1.429440 ms  DeleteObjects: 0.074859 ms)

========================================================================
Received Prepare
Registering precompiled user dll's ...
Registered in 0.000352 seconds.
Begin MonoManager ReloadAssembly
Native extension for WindowsStandalone target not found
Native extension for OSXStandalone target not found
Refreshing native plugins compatible for Editor in 0.46 ms, found 1 plugins.
Preloading 0 native plugins for Editor in 0.00 ms.
Invoked RoslynAnalysisRunner static constructor.
RoslynAnalysisRunner will not be running.
RoslynAnalysisRunner has terminated.
Mono: successfully reloaded assembly
- Completed reload, in  1.281 seconds
Platform modules already initialized, skipping
Refreshing native plugins compatible for Editor in 0.26 ms, found 1 plugins.
Preloading 0 native plugins for Editor in 0.00 ms.
Unloading 1113 Unused Serialized files (Serialized files now loaded: 0)
System memory in use before: 132.4 MB.
System memory in use after: 132.5 MB.

Unloading 5 unused Assets to reduce memory usage. Loaded Objects now: 1659.
Total: 2.470259 ms (FindLiveObjects: 0.302639 ms CreateObjectMapping: 0.069092 ms MarkObjects: 2.030166 ms  DeleteObjects: 0.066453 ms)

========================================================================
Received Prepare
Registering precompiled user dll's ...
Registered in 0.000770 seconds.
Begin MonoManager ReloadAssembly
Native extension for WindowsStandalone target not found
Native extension for OSXStandalone target not found
Refreshing native plugins compatible for Editor in 0.23 ms, found 1 plugins.
Preloading 0 native plugins for Editor in 0.00 ms.
Invoked RoslynAnalysisRunner static constructor.
RoslynAnalysisRunner will not be running.
RoslynAnalysisRunner has terminated.
Mono: successfully reloaded assembly
- Completed reload, in  1.183 seconds
Platform modules already initialized, skipping
Refreshing native plugins compatible for Editor in 0.23 ms, found 1 plugins.
Preloading 0 native plugins for Editor in 0.00 ms.
Unloading 1113 Unused Serialized files (Serialized files now loaded: 0)
System memory in use before: 132.6 MB.
System memory in use after: 132.7 MB.

Unloading 5 unused Assets to reduce memory usage. Loaded Objects now: 1662.
Total: 7.424298 ms (FindLiveObjects: 0.365971 ms CreateObjectMapping: 0.100785 ms MarkObjects: 6.865928 ms  DeleteObjects: 0.089028 ms)

========================================================================
Received Prepare
Registering precompiled user dll's ...
Registered in 0.000422 seconds.
Begin MonoManager ReloadAssembly
Native extension for WindowsStandalone target not found
Native extension for OSXStandalone target not found
Refreshing native plugins compatible for Editor in 0.23 ms, found 1 plugins.
Preloading 0 native plugins for Editor in 0.00 ms.
Invoked RoslynAnalysisRunner static constructor.
RoslynAnalysisRunner will not be running.
RoslynAnalysisRunner has terminated.
Mono: successfully reloaded assembly
- Completed reload, in  1.086 seconds
Platform modules already initialized, skipping
Refreshing native plugins compatible for Editor in 0.25 ms, found 1 plugins.
Preloading 0 native plugins for Editor in 0.00 ms.
Unloading 1113 Unused Serialized files (Serialized files now loaded: 0)
System memory in use before: 132.8 MB.
System memory in use after: 132.9 MB.

Unloading 5 unused Assets to reduce memory usage. Loaded Objects now: 1665.
Total: 2.375566 ms (FindLiveObjects: 0.317491 ms CreateObjectMapping: 0.078911 ms MarkObjects: 1.833391 ms  DeleteObjects: 0.144282 ms)

========================================================================
Received Prepare
Registering precompiled user dll's ...
Registered in 0.000983 seconds.
Begin MonoManager ReloadAssembly
Native extension for WindowsStandalone target not found
Native extension for OSXStandalone target not found
Refreshing native plugins compatible for Editor in 0.24 ms, found 1 plugins.
Preloading 0 native plugins for Editor in 0.00 ms.
Invoked RoslynAnalysisRunner static constructor.
RoslynAnalysisRunner will not be running.
RoslynAnalysisRunner has terminated.
Mono: successfully reloaded assembly
- Completed reload, in  1.225 seconds
Platform modules already initialized, skipping
Refreshing native plugins compatible for Editor in 0.29 ms, found 1 plugins.
Preloading 0 native plugins for Editor in 0.00 ms.
Unloading 1113 Unused Serialized files (Serialized files now loaded: 0)
System memory in use before: 133.0 MB.
System memory in use after: 133.1 MB.

Unloading 5 unused Assets to reduce memory usage. Loaded Objects now: 1668.
Total: 2.973064 ms (FindLiveObjects: 0.262446 ms CreateObjectMapping: 0.089185 ms MarkObjects: 2.559403 ms  DeleteObjects: 0.060183 ms)

========================================================================
Received Import Request.
  Time since last request: 272.065693 seconds.
  path: Assets/Prefab/Plane.prefab
  artifactKey: Guid(43bf3fd0206d9454693eef852293e593) Importer(815301076,1909f56bfc062723c751e8b465ee728b)
Start importing Assets/Prefab/Plane.prefab using Guid(43bf3fd0206d9454693eef852293e593) Importer(815301076,1909f56bfc062723c751e8b465ee728b)  -> (artifact id: '31e0a2291c2e34878e976e234e8ed202') in 0.153634 seconds
  Import took 0.158350 seconds .

========================================================================
Received Prepare
Registering precompiled user dll's ...
Registered in 0.001185 seconds.
Begin MonoManager ReloadAssembly
Native extension for WindowsStandalone target not found
Native extension for OSXStandalone target not found
Refreshing native plugins compatible for Editor in 0.28 ms, found 1 plugins.
Preloading 0 native plugins for Editor in 0.00 ms.
Invoked RoslynAnalysisRunner static constructor.
RoslynAnalysisRunner will not be running.
RoslynAnalysisRunner has terminated.
Mono: successfully reloaded assembly
- Completed reload, in  1.083 seconds
Platform modules already initialized, skipping
Refreshing native plugins compatible for Editor in 0.21 ms, found 1 plugins.
Preloading 0 native plugins for Editor in 0.00 ms.
Unloading 1113 Unused Serialized files (Serialized files now loaded: 0)
System memory in use before: 133.2 MB.
System memory in use after: 133.3 MB.

Unloading 6 unused Assets to reduce memory usage. Loaded Objects now: 1672.
Total: 2.682546 ms (FindLiveObjects: 0.363595 ms CreateObjectMapping: 0.070085 ms MarkObjects: 2.178632 ms  DeleteObjects: 0.068056 ms)

========================================================================
Received Prepare
Registering precompiled user dll's ...
Registered in 0.002788 seconds.
Begin MonoManager ReloadAssembly
Native extension for WindowsStandalone target not found
Native extension for OSXStandalone target not found
Refreshing native plugins compatible for Editor in 0.25 ms, found 1 plugins.
Preloading 0 native plugins for Editor in 0.00 ms.
Invoked RoslynAnalysisRunner static constructor.
RoslynAnalysisRunner will not be running.
RoslynAnalysisRunner has terminated.
Mono: successfully reloaded assembly
- Completed reload, in  1.222 seconds
Platform modules already initialized, skipping
Refreshing native plugins compatible for Editor in 0.23 ms, found 1 plugins.
Preloading 0 native plugins for Editor in 0.00 ms.
Unloading 1113 Unused Serialized files (Serialized files now loaded: 0)
System memory in use before: 133.4 MB.
System memory in use after: 133.4 MB.

Unloading 5 unused Assets to reduce memory usage. Loaded Objects now: 1675.
Total: 2.065984 ms (FindLiveObjects: 0.313268 ms CreateObjectMapping: 0.070107 ms MarkObjects: 1.606123 ms  DeleteObjects: 0.075199 ms)

========================================================================
Received Prepare
Registering precompiled user dll's ...
Registered in 0.006657 seconds.
Begin MonoManager ReloadAssembly
Native extension for WindowsStandalone target not found
Native extension for OSXStandalone target not found
Refreshing native plugins compatible for Editor in 0.29 ms, found 1 plugins.
Preloading 0 native plugins for Editor in 0.00 ms.
Invoked RoslynAnalysisRunner static constructor.
RoslynAnalysisRunner will not be running.
RoslynAnalysisRunner has terminated.
Mono: successfully reloaded assembly
- Completed reload, in  1.498 seconds
Platform modules already initialized, skipping
Refreshing native plugins compatible for Editor in 0.48 ms, found 1 plugins.
Preloading 0 native plugins for Editor in 0.00 ms.
Unloading 1113 Unused Serialized files (Serialized files now loaded: 0)
System memory in use before: 133.5 MB.
System memory in use after: 133.6 MB.

Unloading 5 unused Assets to reduce memory usage. Loaded Objects now: 1678.
Total: 2.370860 ms (FindLiveObjects: 0.312300 ms CreateObjectMapping: 0.100486 ms MarkObjects: 1.882585 ms  DeleteObjects: 0.073987 ms)

========================================================================
Received Import Request.
  Time since last request: 4477.444034 seconds.
  path: Assets/Prefab/Plane.prefab
  artifactKey: Guid(43bf3fd0206d9454693eef852293e593) Importer(815301076,1909f56bfc062723c751e8b465ee728b)
Start importing Assets/Prefab/Plane.prefab using Guid(43bf3fd0206d9454693eef852293e593) Importer(815301076,1909f56bfc062723c751e8b465ee728b)  -> (artifact id: 'f304a0f4d8270ea1bed0caf50bacd5e9') in 0.215904 seconds
  Import took 0.232975 seconds .

========================================================================
Received Prepare
Registering precompiled user dll's ...
Registered in 0.001434 seconds.
Begin MonoManager ReloadAssembly
Native extension for WindowsStandalone target not found
Native extension for OSXStandalone target not found
Refreshing native plugins compatible for Editor in 0.29 ms, found 1 plugins.
Preloading 0 native plugins for Editor in 0.00 ms.
Invoked RoslynAnalysisRunner static constructor.
RoslynAnalysisRunner will not be running.
RoslynAnalysisRunner has terminated.
Mono: successfully reloaded assembly
- Completed reload, in  1.159 seconds
Platform modules already initialized, skipping
Refreshing native plugins compatible for Editor in 0.62 ms, found 1 plugins.
Preloading 0 native plugins for Editor in 0.00 ms.
Unloading 1113 Unused Serialized files (Serialized files now loaded: 0)
System memory in use before: 134.0 MB.
System memory in use after: 134.1 MB.

Unloading 6 unused Assets to reduce memory usage. Loaded Objects now: 1682.
Total: 2.417282 ms (FindLiveObjects: 0.408653 ms CreateObjectMapping: 0.094025 ms MarkObjects: 1.830292 ms  DeleteObjects: 0.082621 ms)

========================================================================
Received Prepare
Registering precompiled user dll's ...
Registered in 0.002988 seconds.
Begin MonoManager ReloadAssembly
Native extension for WindowsStandalone target not found
Native extension for OSXStandalone target not found
Refreshing native plugins compatible for Editor in 0.23 ms, found 1 plugins.
Preloading 0 native plugins for Editor in 0.00 ms.
Invoked RoslynAnalysisRunner static constructor.
RoslynAnalysisRunner will not be running.
RoslynAnalysisRunner has terminated.
Mono: successfully reloaded assembly
- Completed reload, in  1.129 seconds
Platform modules already initialized, skipping
Refreshing native plugins compatible for Editor in 0.21 ms, found 1 plugins.
Preloading 0 native plugins for Editor in 0.00 ms.
Unloading 1113 Unused Serialized files (Serialized files now loaded: 0)
System memory in use before: 134.1 MB.
System memory in use after: 134.2 MB.

Unloading 5 unused Assets to reduce memory usage. Loaded Objects now: 1685.
Total: 2.730856 ms (FindLiveObjects: 0.351114 ms CreateObjectMapping: 0.063985 ms MarkObjects: 2.188159 ms  DeleteObjects: 0.125433 ms)

AssetImportWorkerClient::OnTransportError - code=2 error=End of file
